55101
406
6 10
4 23
4 24
6 18
15 23
4 25
6 14
12 18
23 24
6 28
19 21
8 13
14 21
1 2
10 19
5 11
11 22
20 25
2 15
4 6
18 28
12 19
5 13
19 20
13 18
1 5
12 25
13 20
3 23
1 20
2 23
1 24
1 16
27 29
17 29
2 27
16 22
3 16
3 19
3 7
1 25
8 18
9 15
1 4
10 20
3 20
11 26
8 27
16 28
13 27
1 15
5 28
17 19
22 30
14 28
6 30
22 26
12 15
1 17
22 25
2 30
23 29
23 28
13 16
7 28
12 30
17 23
6 17
4 20
1 7
5 14
1 14
6 25
17 20
7 23
7 25
4 18
7 26
14 30
12 26
2 8
12 21
3 4
15 18
2 22
13 15
19 24
12 22
2 18
6 8
4 26
9 30
14 27
4 29
9 13
7 22
12 29
11 20
5 23
14 22
1 23
4 19
10 15
7 29
3 21
21 24
9 22
5 6
18 26
4 15
16 30
24 27
10 27
9 19
10 17
13 17
19 25
3 30
8 26
12 16
12 13
17 30
28 29
10 13
8 9
20 28
7 15
15 16
1 30
9 12
20 26
5 30
22 23
22 24
5 20
5 7
2 3
19 22
1 19
4 28
16 23
2 24
17 21
2 12
6 22
2 16
6 24
14 26
3 9
16 29
22 27
13 23
6 15
6 16
25 29
13 24
4 5
4 13
15 24
8 29
9 25
9 14
2 9
9 27
10 28
10 21
19 26
2 11
14 25
16 25
5 9
14 19
6 27
3 13
26 29
9 28
9 23
24 26
2 7
3 29
11 24
14 17
5 24
24 28
11 27
5 16
13 25
9 20
3 12
20 23
21 29
5 22
26 30
4 21
3 25
14 15
2 10
25 27
2 21
7 24
16 17
12 20
2 20
5 26
2 25
7 19
8 30
16 24
2 5
1 12
11 19
3 22
8 22
24 25
8 16
17 18
6 9
4 27
3 28
1 18
15 22
2 14
5 15
2 6
3 27
10 14
10 24
9 18
20 22
5 21
15 20
11 13
9 16
1 27
11 16
13 19
17 25
7 30
1 8
12 28
18 22
14 23
26 27
29 30
7 17
18 29
3 17
15 21
25 28
6 11
12 17
19 23
10 12
4 17
5 19
6 20
19 27
12 27
3 24
4 12
11 15
8 15
15 28
3 6
22 29
16 27
1 21
9 24
15 26
12 24
13 29
11 18
15 27
18 19
4 8
20 29
4 22
2 28
8 14
20 24
2 4
4 16
11 25
6 21
13 28
11 23
6 13
3 15
13 30
3 26
21 26
22 28
3 8
7 27
9 10
21 30
14 29
21 22
5 29
15 25
17 24
3 14
7 16
8 19
23 25
19 29
9 21
13 22
23 27
21 28
7 11
8 11
17 26
7 20
18 20
20 21
2 17
7 10
10 18
17 22
1 26
27 30
7 8
15 29
1 22
13 26
15 30
1 9
17 27
4 14
14 20
20 27
16 21
4 7
15 17
9 11
3 10
5 27
4 30
7 13
16 19
10 29
13 14
5 8
10 11
21 27
5 18
5 17
28 30
5 10
1 28
9 26
17 28
8 28
3 18
20 30
2 29
2 19
6 26
10 16
1 29
10 25
21 23
8 17
8 10
3 5
10 26
16 20
6 19
26 28
24 30
24 29
11 14
14 18
6 7
9 17
16 18
8 25
11 29
13 21
25 30
8 21
4 11
18 25
7 18
11 12
18 24
7 12
23 30
19 30
7 14
12 23
18 21
1 6
14 16
1 11
6 12
6 29
21 25
11 30
8 12
25 26
10 30
1 3
1 10
11 28
