95 2
164 2
209 2
294 2
368 2
438 2
440 2
52 3
66 3
82 3
130 3
141 3
264 3
313 3
340 3
360 3
367 3
403 3
489 3
71 4
135 4
186 4
191 4
217 4
230 4
377 4
458 4
35 5
83 5
237 5
323 5
326 5
17 6
47 6
55 6
113 6
120 6
189 6
319 6
426 6
447 6
460 6
470 6
8 7
43 7
46 7
50 7
77 7
111 7
126 7
127 7
153 7
167 7
170 7
171 7
188 7
207 7
244 7
258 7
273 7
285 7
320 7
395 7
419 7
422 7
455 7
495 7
3 8
28 8
34 8
41 8
53 8
62 8
65 8
68 8
69 8
104 8
107 8
109 8
114 8
125 8
181 8
193 8
203 8
204 8
214 8
216 8
221 8
239 8
246 8
270 8
288 8
291 8
308 8
321 8
322 8
328 8
345 8
370 8
386 8
394 8
397 8
414 8
418 8
425 8
453 8
457 8
461 8
464 8
468 8
472 8
483 8
494 8
10 9
12 9
14 9
18 9
20 9
22 9
26 9
29 9
30 9
37 9
39 9
45 9
48 9
57 9
61 9
63 9
67 9
75 9
76 9
79 9
80 9
86 9
96 9
98 9
99 9
100 9
102 9
117 9
121 9
128 9
129 9
134 9
137 9
139 9
140 9
143 9
150 9
155 9
159 9
161 9
162 9
172 9
174 9
195 9
210 9
211 9
213 9
218 9
220 9
224 9
231 9
238 9
241 9
245 9
249 9
253 9
263 9
274 9
279 9
283 9
284 9
286 9
287 9
292 9
295 9
296 9
302 9
306 9
310 9
311 9
315 9
316 9
327 9
330 9
334 9
336 9
337 9
338 9
342 9
344 9
347 9
349 9
350 9
354 9
361 9
364 9
366 9
371 9
374 9
376 9
389 9
398 9
399 9
401 9
404 9
405 9
408 9
411 9
412 9
420 9
423 9
430 9
433 9
441 9
467 9
469 9
478 9
479 9
486 9
487 9
493 9
497 9
2 10
11 10
15 10
16 10
24 10
32 10
51 10
56 10
64 10
72 10
78 10
84 10
88 10
116 10
118 10
136 10
142 10
148 10
152 10
157 10
163 10
166 10
176 10
178 10
184 10
197 10
200 10
201 10
202 10
206 10
208 10
212 10
223 10
250 10
257 10
259 10
261 10
265 10
266 10
269 10
272 10
289 10
290 10
300 10
307 10
318 10
333 10
335 10
339 10
341 10
346 10
362 10
365 10
369 10
375 10
380 10
384 10
387 10
393 10
396 10
400 10
437 10
439 10
442 10
443 10
445 10
449 10
452 10
456 10
462 10
463 10
475 10
476 10
484 10
485 10
496 10
1 11
4 11
13 11
27 11
33 11
42 11
54 11
59 11
70 11
74 11
85 11
87 11
91 11
94 11
97 11
119 11
123 11
147 11
154 11
158 11
182 11
185 11
190 11
194 11
199 11
205 11
222 11
227 11
235 11
236 11
243 11
248 11
251 11
255 11
267 11
271 11
276 11
277 11
278 11
282 11
299 11
304 11
312 11
324 11
331 11
332 11
343 11
355 11
363 11
391 11
410 11
429 11
444 11
459 11
466 11
481 11
488 11
490 11
498 11
6 12
9 12
19 12
25 12
31 12
58 12
73 12
81 12
92 12
105 12
106 12
122 12
124 12
131 12
132 12
133 12
138 12
144 12
146 12
151 12
160 12
168 12
169 12
175 12
177 12
179 12
183 12
187 12
196 12
219 12
229 12
232 12
234 12
240 12
242 12
247 12
252 12
256 12
260 12
262 12
268 12
293 12
297 12
298 12
301 12
303 12
305 12
309 12
317 12
325 12
329 12
348 12
351 12
352 12
356 12
357 12
359 12
372 12
381 12
392 12
406 12
407 12
415 12
416 12
417 12
421 12
427 12
428 12
431 12
432 12
435 12
436 12
446 12
465 12
474 12
477 12
480 12
482 12
499 12
5 13
7 13
21 13
23 13
36 13
40 13
44 13
49 13
90 13
93 13
103 13
110 13
115 13
145 13
156 13
180 13
192 13
198 13
225 13
226 13
228 13
233 13
275 13
281 13
314 13
353 13
373 13
379 13
388 13
390 13
402 13
409 13
413 13
424 13
434 13
451 13
454 13
473 13
491 13
492 13
500 13
38 14
60 14
89 14
101 14
112 14
165 14
173 14
215 14
254 14
358 14
378 14
382 14
383 14
385 14
448 14
450 14
471 14
14