1 1
2 2
3 5
4 3
5 10
6 4
7 14
8 8
9 6
10 9
11 20
12 7
13 28
14 13
15 11
16 17
17 33
18 12
19 37
20 18
21 15
22 19
23 43
24 16
25 24
26 27
27 22
28 26
29 57
30 23
31 61
32 31
33 21
34 32
35 25
36 30
37 67
38 36
39 29
40 40
41 74
42 35
43 81
44 41
45 39
46 42
47 89
48 45
49 50
50 46
51 34
52 47
53 100
54 48
55 53
56 49
57 38
58 56
59 107
60 52
61 115
62 60
63 51
64 64
65 54
66 59
67 128
68 65
69 44
70 55
71 134
72 63
73 138
74 66
75 69
76 71
77 78
78 70
79 151
80 72
81 76
82 73
83 160
84 77
85 84
86 80
87 58
88 79
89 167
90 83
91 93
92 87
93 62
94 88
95 85
96 91
97 182
98 92
99 96
100 86
101 189
102 95
103 197
104 94
105 97
106 99
107 203
108 98
109 207
110 103
111 68
112 104
113 216
114 102
115 111
116 105
117 109
118 106
119 118
120 110
121 124
122 114
123 75
124 121
125 112
126 117
127 236
128 122
129 82
130 113
131 253
132 123
133 119
134 127
135 130
136 132
137 259
138 131
139 264
140 120
141 90
142 133
143 125
144 136
145 142
146 137
147 140
148 145
149 279
150 141
151 287
152 146
153 148
154 126
155 143
156 147
157 297
158 150
159 101
160 144
161 155
162 149
163 305
164 158
165 153
166 159
167 314
168 154
169 171
170 157
171 162
172 164
173 328
174 163
175 156
176 165
177 108
178 166
179 336
180 169
181 344
182 170
183 116
184 175
185 173
186 176
187 185
188 177
189 179
190 174
191 363
192 178
193 371
194 181
195 172
196 180
197 377
198 184
199 381
200 187
201 129
202 188
203 193
204 186
205 210
206 196
207 191
208 200
209 213
210 192
211 401
212 201
213 135
214 202
215 211
216 199
217 194
218 206
219 139
220 212
221 220
222 205
223 420
224 195
225 209
226 215
227 430
228 214
229 438
230 222
231 218
232 223
233 444
234 219
235 226
236 224
237 152
238 221
239 458
240 225
241 462
242 229
243 232
244 230
245 227
246 231
247 242
248 234
249 161
250 228
251 474
252 233
253 248
254 235
255 238
256 240
257 487
258 239
259 244
260 241
261 246
262 252
263 501
264 247
265 250
266 243
267 168
268 256
269 510
270 251
271 517
272 257
273 245
274 258
275 249
276 255
277 530
278 263
279 261
280 267
281 540
282 262
283 549
284 268
285 266
286 269
287 274
288 270
289 290
290 271
291 183
292 272
293 557
294 273
295 283
296 277
297 281
298 278
299 294
300 282
301 275
302 286
303 190
304 292
305 284
306 289
307 581
308 276
309 198
310 285
311 587
312 293
313 599
314 296
315 299
316 301
317 606
318 300
319 308
320 302
321 204
322 295
323 291
324 303
325 321
326 304
327 208
328 311
329 318
330 307
331 629
332 312
333 316
334 313
335 322
336 317
337 639
338 324
339 217
340 323
341 309
342 325
343 319
344 326
345 330
346 327
347 655
348 331
349 664
350 320
351 332
352 310
353 670
354 333
355 340
356 334
357 338
358 335
359 681
360 339
361 359
362 343
363 346
364 348
365 341
366 347
367 699
368 349
369 351
370 342
371 354
372 350
373 707
374 356
375 352
376 357
377 367
378 353
379 724
380 358
381 237
382 362
383 730
384 361
385 355
386 370
387 365
388 374
389 736
390 366
391 389
392 375
393 254
394 376
395 384
396 373
397 756
398 380
399 360
400 385
401 766
402 379
403 368
404 386
405 383
406 387
407 394
408 388
409 781
410 391
411 260
412 392
413 397
414 390
415 408
416 369
417 265
418 393
419 798
420 396
421 802
422 400
423 403
424 405
425 409
426 404
427 398
428 406
429 395
430 407
431 814
432 411
433 819
434 399
435 410
436 412
437 426
438 413
439 833
440 414
441 417
442 415
443 848
444 416
445 423
446 419
447 280
448 418
449 857
450 422
451 434
452 428
453 288
454 429
455 424
456 427
457 874
458 437
459 432
460 425
461 882
462 433
463 889
464 442
465 440
466 443
467 898
468 441
469 450
470 447
471 298
472 448
473 435
474 446
475 454
476 449
477 452
478 457
479 911
480 453
481 467
482 461
483 451
484 436
485 455
486 460
487 927
488 465
489 306
490 456
491 942
492 464
493 483
494 466
495 469
496 471
497 477
498 470
499 953
500 472
501 315
502 473
503 961
504 476
505 492
506 480
507 468
508 481
509 971
510 482
511 478
512 485
513 489
514 486
515 493
516 490
517 496
518 479
519 329
520 491
521 997
522 484
523 1004
524 499
525 494
526 500
527 526
528 495
529 521
530 505
531 503
532 498
533 513
534 504
535 506
536 508
537 337
538 509
539 497
540 507
541 1029
542 516
543 345
544 525
545 523
546 512
547 1041
548 528
549 519
550 524
551 543
552 520
553 534
554 529
555 532
556 538
557 1059
558 527
559 514
560 533
561 536
562 539
563 1072
564 537
565 545
566 548
567 535
568 552
569 1080
570 542
571 1087
572 515
573 364
574 553
575 522
576 547
577 1099
578 554
579 372
580 544
581 560
582 551
583 565
584 555
585 546
586 556
587 1118
588 559
589 577
590 562
591 378
592 563
593 1135
594 564
595 561
596 568
597 382
598 569
599 1142
600 567
601 1150
602 570
603 573
604 571
605 566
606 572
607 1156
608 576
609 574
610 579
611 591
612 575
613 1175
614 580
615 583
616 585
617 1181
618 584
619 1190
620 578
621 589
622 586
623 593
624 590
625 595
626 598
627 601
628 603
629 613
630 594
631 1203
632 604
633 402
634 605
635 596
636 602
637 592
638 610
639 608
640 597
641 1223
642 609
643 1232
644 611
645 615
646 612
647 1242
648 616
649 623
650 617
651 620
652 618
653 1249
654 619
655 635
656 626
657 621
658 627
659 1258
660 622
661 1266
662 628
663 614
664 632
665 636
666 631
667 650
668 633
669 421
670 634
671 624
672 637
673 1287
674 638
675 641
676 643
677 1298
678 642
679 647
680 644
681 431
682 625
683 1306
684 645
685 660
686 646
687 439
688 652
689 658
690 649
691 1324
692 653
693 648
694 654
695 661
696 651
697 674
698 663
699 445
700 662
701 1350
702 657
703 685
704 668
705 666
706 669
707 690
708 667
709 1357
710 677
711 672
712 678
713 703
714 673
715 659
716 679
717 459
718 680
719 1378
720 683
721 691
722 684
723 463
724 687
725 693
726 688
727 1391
728 689
729 696
730 694
731 675
732 695
733 1398
734 698
735 692
736 704
737 720
738 697
739 1410
740 686
741 701
742 705
743 1425
744 702
745 711
746 706
747 709
748 676
749 717
750 710
751 1433
752 714
753 475
754 715
755 712
756 716
757 1442
758 723
759 721
760 713
761 1456
762 722
763 718
764 728
765 726
766 729
767 740
768 727
769 1470
770 719
771 488
772 733
773 1478
774 732
775 743
776 734
777 738
778 735
779 760
780 739
781 751
782 746
783 749
784 747
785 744
786 748
787 1504
788 754
789 502
790 745
791 773
792 750
793 741
794 755
795 758
796 763
797 1516
798 759
799 776
800 764
801 768
802 765
803 752
804 769
805 772
806 742
807 511
808 770
809 1542
810 771
811 1546
812 774
813 518
814 753
815 784
816 775
817 761
818 780
819 778
820 785
821 1564
822 779
823 1568
824 786
825 783
826 787
827 1578
828 788
829 1586
830 789
831 531
832 790
833 777
834 791
835 794
836 762
837 792
838 797
839 1610
840 793
841 823
