caine1
caine12
caine123
caine12345678
caine123456789
caineiasi
caineiasi1
caineiasi12
caineiasi123
caineiasi12345678
caineiasi123456789
cainemaria
cainemaria1
cainemaria12
cainemaria123
cainemaria12345678
cainemaria123456789
cainemasina
cainemasina1
cainemasina12
cainemasina123
cainemasina12345678
cainemasina123456789
cainemoldova
cainemoldova1
cainemoldova12
cainemoldova123
cainemoldova12345678
cainemoldova123456789
caineromania
caineromania1
caineromania12
caineromania123
caineromania12345678
caineromania123456789
iasi1
iasi12
iasi123
iasi12345678
iasi123456789
iasicaine
iasicaine1
iasicaine12
iasicaine123
iasicaine12345678
iasicaine123456789
iasimaria
iasimaria1
iasimaria12
iasimaria123
iasimaria12345678
iasimaria123456789
iasimasina
iasimasina1
iasimasina12
iasimasina123
iasimasina12345678
iasimasina123456789
iasimoldova
iasimoldova1
iasimoldova12
iasimoldova123
iasimoldova12345678
iasimoldova123456789
iasiromania
iasiromania1
iasiromania12
iasiromania123
iasiromania12345678
iasiromania123456789
maria1
maria12
maria123
maria12345678
maria123456789
mariacaine
mariacaine1
mariacaine12
mariacaine123
mariacaine12345678
mariacaine123456789
mariaiasi
mariaiasi1
mariaiasi12
mariaiasi123
mariaiasi12345678
mariaiasi123456789
mariamasina
mariamasina1
mariamasina12
mariamasina123
mariamasina12345678
mariamasina123456789
mariamoldova
mariamoldova1
mariamoldova12
mariamoldova123
mariamoldova12345678
mariamoldova123456789
mariaromania
mariaromania1
mariaromania12
mariaromania123
mariaromania12345678
mariaromania123456789
masina1
masina12
masina123
masina12345678
masina123456789
masinacaine
masinacaine1
masinacaine12
masinacaine123
masinacaine12345678
masinacaine123456789
masinaiasi
masinaiasi1
masinaiasi12
masinaiasi123
masinaiasi12345678
masinaiasi123456789
masinamaria
masinamaria1
masinamaria12
masinamaria123
masinamaria12345678
masinamaria123456789
masinamoldova
masinamoldova1
masinamoldova12
masinamoldova123
masinamoldova12345678
masinamoldova123456789
masinaromania
masinaromania1
masinaromania12
masinaromania123
masinaromania12345678
masinaromania123456789
moldova1
moldova12
moldova123
moldova12345678
moldova123456789
moldovacaine
moldovacaine1
moldovacaine12
moldovacaine123
moldovacaine12345678
moldovacaine123456789
moldovaiasi
moldovaiasi1
moldovaiasi12
moldovaiasi123
moldovaiasi12345678
moldovaiasi123456789
moldovamaria
moldovamaria1
moldovamaria12
moldovamaria123
moldovamaria12345678
moldovamaria123456789
moldovamasina
moldovamasina1
moldovamasina12
moldovamasina123
moldovamasina12345678
moldovamasina123456789
moldovaromania
moldovaromania1
moldovaromania12
moldovaromania123
moldovaromania12345678
moldovaromania123456789
romania1
romania12
romania123
romania12345678
romania123456789
romaniacaine
romaniacaine1
romaniacaine12
romaniacaine123
romaniacaine12345678
romaniacaine123456789
romaniaiasi
romaniaiasi1
romaniaiasi12
romaniaiasi123
romaniaiasi12345678
romaniaiasi123456789
romaniamaria
romaniamaria1
romaniamaria12
romaniamaria123
romaniamaria12345678
romaniamaria123456789
romaniamasina
romaniamasina1
romaniamasina12
romaniamasina123
romaniamasina12345678
romaniamasina123456789
romaniamoldova
romaniamoldova1
romaniamoldova12
romaniamoldova123
romaniamoldova12345678
romaniamoldova123456789
eua12
avioncaminleua123
avioncaminleua12345678
avioncaminleua123456789
avioncastravete
avioncastravete1
avioncastravete12
avioncastravete123
avioncastravete12345678
avioncastravete123456789
avioncemai
avioncemai1
avioncemai12
avioncemai123
avioncemai12345678
avioncemai123456789
avioncoaie
avioncoaie1
avioncoaie12
avioncoaie123
avioncoaie12345678
avioncoaie123456789
avionelectronica
avionelectronica1
avionelectronica12
avionelectronica123
avionelectronica12345678
avionelectronica123456789
avionestiprost
avionestiprost1
avionestiprost12
avionestiprost123
avionestiprost12345678
avionestiprost123456789
avionetaj4
avionetaj41
avionetaj412
avionetaj4123
avionetaj412345678
avionetaj4123456789
avionfete
avionfete1
avionfete12
avionfete123
avionfete12345678
avionfete123456789
avionleua
avionleua1
avionleua12
avionleua123
avionleua12345678
avionleua123456789
avionliga
avionliga1
avionliga12
avionliga123
avionliga12345678
avionliga123456789
avionligastudentilorelectronisti
avionligastudentilorelectronisti1
avionligastudentilorelectronisti12
avionligastudentilorelectronisti123
avionligastudentilorelectronisti12345678
avionligastudentilorelectronisti123456789
avionlsac
avionlsac1
avionlsac12
avionlsac123
avionlsac12345678
avionlsac123456789
avionlse
avionlse1
avionlse12
avionlse123
avionlse12345678
avionlse123456789
avionmaioneza
avionmaioneza1
avionmaioneza12
avionmaioneza123
avionmaioneza12345678
avionmaioneza123456789
avionmama
avionmama1
avionmama12
avionmama123
avionmama12345678
avionmama123456789
avionmata
avionmata1
avionmata12
avionmata123
avionmata12345678
avionmata123456789
avionmustar
avionmustar1
avionmustar12
avionmustar123
avionmustar12345678
avionmustar123456789
avionninge
avionninge1
avionninge12
avionninge123
avionninge12345678
avionninge123456789
avionpalier
avionpalier1
avionpalier12
avionpalier123
avionpalier12345678
avionpalier123456789
avionparola
avionparola1
avionparola12
avionparola123
avionparola12345678
avionparola123456789
avionploua
avionploua1
avionploua12
avionploua123
avionploua12345678
avionploua123456789
avionsalam
avionsalam1
avionsalam12
avionsalam123
avionsalam12345678
avionsalam123456789
aviontuna
aviontuna1
aviontuna12
aviontuna123
aviontuna12345678
aviontuna123456789
avionviol
avionviol1
avionviol12
avionviol123
avionviol12345678
avionviol123456789
baieti1
baieti12
baieti123
baieti12345678
baieti123456789
baietiafara
baietiafara1
baietiafara12
baietiafara123
baietiafara12345678
baietiafara123456789
baietiavion
baietiavion1
baietiavion12
baietiavion123
baietiavion12345678
baietiavion123456789
baietibordura
baietibordura1
baietibordura12
baietibordura123
baietibordura12345678
baietibordura123456789
baieticamin
baieticamin1
baieticamin12
baieticamin123
baieticamin12345678
baieticamin123456789
baieticaminleua
baieticaminleua1
baieticaminleua12
baieticaminleua123
baieticaminleua12345678
baieticaminleua123456789
baieticastravete
baieticastravete1
baieticastravete12
baieticastravete123
baieticastravete12345678
baieticastravete123456789
baieticemai
baieticemai1
baieticemai12
baieticemai123
baieticemai12345678
baieticemai123456789
baieticoaie
baieticoaie1
baieticoaie12
baieticoaie123
baieticoaie12345678
baieticoaie123456789
baietielectronica
baietielectronica1
baietielectronica12
baietielectronica123
baietielectronica12345678
baietielectronica123456789
baietiestiprost
baietiestiprost1
baietiestiprost12
baietiestiprost123
baietiestiprost12345678
baietiestiprost123456789
baietietaj4
baietietaj41
baietietaj412
baietietaj4123
baietietaj412345678
baietietaj4123456789
baietifete
baietifete1
baietifete12
baietifete123
baietifete12345678
baietifete123456789
baietileua
baietileua1
baietileua12
baietileua123
baietileua12345678
baietileua123456789
baietiliga
baietiliga1
baietiliga12
baietiliga123
baietiliga12345678
baietiliga123456789
baietiligastudentilorelectronisti
baietiligastudentilorelectronisti1
baietiligastudentilorelectronisti12
baietiligastudentilorelectronisti123
baietiligastudentilorelectronisti12345678
baietiligastudentilorelectronisti123456789
baietilsac
baietilsac1
baietilsac12
baietilsac123
baietilsac12345678
baietilsac123456789
baietilse
baietilse1
baietilse12
baietilse123
baietilse12345678
baietilse123456789
baietimaioneza
baietimaioneza1
baietimaioneza12
baietimaioneza123
baietimaioneza12345678
baietimaioneza123456789
baietimama
baietimama1
baietimama12
baietimama123
baietimama12345678
baietimama123456789
baietimata
baietimata1
baietimata12
baietimata123
baietimata12345678
baietimata123456789
baietimustar
baietimustar1
baietimustar12
baietimustar123
baietimustar12345678
baietimustar123456789
baietininge
baietininge1
baietininge12
baietininge123
baietininge12345678
baietininge123456789
baietipalier
baietipalier1
baietipalier12
baietipalier123
baietipalier12345678
baietipalier123456789
baietiparola
baietiparola1
baietiparola12
baietiparola123
baietiparola12345678
baietiparola123456789
baietiploua
baietiploua1
baietiploua12
baietiploua123
baietiploua12345678
baietiploua123456789
baietisalam
baietisalam1
baietisalam12
baietisalam123
baietisalam12345678
baietisalam123456789
baietituna
baietituna1
baietituna12
baietituna123
baietituna12345678
baietituna123456789
baietiviol
baietiviol1
baietiviol12
baietiviol123
baietiviol12345678
baietiviol123456789
bordura1
bordura12
bordura123
bordura12345678
bordura123456789
borduraafara
borduraafara1
borduraafara12
borduraafara123
borduraafara12345678
borduraafara123456789
borduraavion
borduraavion1
borduraavion12
borduraavion123
borduraavion12345678
borduraavion123456789
bordurabaieti
bordurabaieti1
bordurabaieti12
bordurabaieti123
bordurabaieti12345678
bordurabaieti123456789
borduracamin
borduracamin1
borduracamin12
borduracamin123
borduracamin12345678
borduracamin123456789
borduracaminleua
borduracaminleua1
borduracaminleua12
borduracaminleua123
borduracaminleua12345678
borduracaminleua123456789
borduracastravete
borduracastravete1
borduracastravete12
borduracastravete123
borduracastravete12345678
borduracastravete123456789
borduracemai
borduracemai1
borduracemai12
borduracemai123
borduracemai12345678
borduracemai123456789
borduracoaie
borduracoaie1
borduracoaie12
borduracoaie123
borduracoaie12345678
borduracoaie123456789
borduraelectronica
borduraelectronica1
borduraelectronica12
borduraelectronica123
borduraelectronica12345678
borduraelectronica123456789
borduraestiprost
borduraestiprost1
borduraestiprost12
borduraestiprost123
borduraestiprost12345678
borduraestiprost123456789
borduraetaj4
borduraetaj41
borduraetaj412
borduraetaj4123
borduraetaj412345678
borduraetaj4123456789
bordurafete
bordurafete1
bordurafete12
bordurafete123
bordurafete12345678
bordurafete123456789
borduraleua
borduraleua1
borduraleua12
borduraleua123
borduraleua12345678
borduraleua123456789
borduraliga
borduraliga1
borduraliga12
borduraliga123
borduraliga12345678
borduraliga123456789
borduraligastudentilorelectronisti
borduraligastudentilorelectronisti1
borduraligastudentilorelectronisti12
borduraligastudentilorelectronisti123
borduraligastudentilorelectronisti12345678
borduraligastudentilorelectronisti123456789
borduralsac
borduralsac1
borduralsac12
borduralsac123
borduralsac12345678
borduralsac123456789
borduralse
borduralse1
borduralse12
borduralse123
borduralse12345678
borduralse123456789
borduramaioneza
borduramaioneza1
borduramaioneza12
borduramaioneza123
borduramaioneza12345678
borduramaioneza123456789
borduramama
borduramama1
borduramama12
borduramama123
borduramama12345678
borduramama123456789
borduramata
borduramata1
borduramata12
borduramata123
borduramata12345678
borduramata123456789
borduramustar
borduramustar1
borduramustar12
borduramustar123
borduramustar12345678
borduramustar123456789
borduraninge
borduraninge1
borduraninge12
borduraninge123
borduraninge12345678
borduraninge123456789
bordurapalier
bordurapalier1
bordurapalier12
bordurapalier123
bordurapalier12345678
bordurapalier123456789
borduraparola
borduraparola1
borduraparola12
borduraparola123
borduraparola12345678
borduraparola123456789
borduraploua
borduraploua1
borduraploua12
borduraploua123
borduraploua12345678
borduraploua123456789
bordurasalam
bordurasalam1
bordurasalam12
bordurasalam123
bordurasalam12345678
bordurasalam123456789
borduratuna
borduratuna1
borduratuna12
borduratuna123
borduratuna12345678
borduratuna123456789
borduraviol
borduraviol1
borduraviol12
borduraviol123
borduraviol12345678
borduraviol123456789
camin1
camin12
camin123
camin12345678
camin123456789
caminafara
caminafara1
caminafara12
caminafara123
caminafara12345678
caminafara123456789
caminavion
caminavion1
caminavion12
caminavion123
caminavion12345678
caminavion123456789
caminbaieti
caminbaieti1
caminbaieti12
caminbaieti123
caminbaieti12345678
caminbaieti123456789
caminbordura
caminbordura1
caminbordura12
caminbordura123
caminbordura12345678
caminbordura123456789
camincaminleua
camincaminleua1
camincaminleua12
camincaminleua123
camincaminleua12345678
camincaminleua123456789
camincastravete
camincastravete1
camincastravete12
camincastravete123
camincastravete12345678
camincastravete123456789
camincemai
camincemai1
camincemai12
camincemai123
camincemai12345678
camincemai123456789
camincoaie
camincoaie1
camincoaie12
camincoaie123
camincoaie12345678
camincoaie123456789
caminelectronica
caminelectronica1
caminelectronica12
caminelectronica123
caminelectronica12345678
caminelectronica123456789
caminestiprost
caminestiprost1
caminestiprost12
caminestiprost123
caminestiprost12345678
caminestiprost123456789
caminetaj4
caminetaj41
caminetaj412
caminetaj4123
caminetaj412345678
caminetaj4123456789
caminfete
caminfete1
caminfete12
caminfete123
caminfete12345678
caminfete123456789
caminleua
caminleua1
caminleua12
caminleua123
caminleua12345678
caminleua123456789
caminleuaafara
caminleuaafara1
caminleuaafara12
caminleuaafara123
caminleuaafara12345678
caminleuaafara123456789
caminleuaavion
caminleuaavion1
caminleuaavion12
caminleuaavion123
caminleuaavion12345678
caminleuaavion123456789
caminleuabaieti
caminleuabaieti1
caminleuabaieti12
caminleuabaieti123
caminleuabaieti12345678
caminleuabaieti123456789
caminleuabordura
caminleuabordura1
caminleuabordura12
caminleuabordura123
caminleuabordura12345678
caminleuabordura123456789
caminleuacamin
caminleuacamin1
caminleuacamin12
caminleuacamin123
caminleuacamin12345678
caminleuacamin123456789
caminleuacastravete
caminleuacastravete1
caminleuacastravete12
caminleuacastravete123
caminleuacastravete12345678
caminleuacastravete123456789
caminleuacemai
caminleuacemai1
caminleuacemai12
caminleuacemai123
caminleuacemai12345678
caminleuacemai123456789
caminleuacoaie
caminleuacoaie1
caminleuacoaie12
caminleuacoaie123
caminleuacoaie12345678
caminleuacoaie123456789
caminleuaelectronica
caminleuaelectronica1
caminleuaelectronica12
caminleuaelectronica123
caminleuaelectronica12345678
caminleuaelectronica123456789
caminleuaestiprost
caminleuaestiprost1
caminleuaestiprost12
caminleuaestiprost123
caminleuaestiprost12345678
caminleuaestiprost123456789
caminleuaetaj4
caminleuaetaj41
caminleuaetaj412
caminleuaetaj4123
caminleuaetaj412345678
caminleuaetaj4123456789
caminleuafete
caminleuafete1
caminleuafete12
caminleuafete123
caminleuafete12345678
caminleuafete123456789
caminleualeua
caminleualeua1
caminleualeua12
caminleualeua123
caminleualeua12345678
caminleualeua123456789
caminleualiga
caminleualiga1
caminleualiga12
caminleualiga123
caminleualiga12345678
caminleualiga123456789
caminleualigastudentilorelectronisti
caminleualigastudentilorelectronisti1
caminleualigastudentilorelectronisti12
caminleualigastudentilorelectronisti123
caminleualigastudentilorelectronisti12345678
caminleualigastudentilorelectronisti123456789
caminleualsac
caminleualsac1
caminleualsac12
caminleualsac123
caminleualsac12345678
caminleualsac123456789
caminleualse
caminleualse1
caminleualse12
caminleualse123
caminleualse12345678
caminleualse123456789
caminleuamaioneza
caminleuamaioneza1
caminleuamaioneza12
caminleuamaioneza123
caminleuamaioneza12345678
caminleuamaioneza123456789
caminleuamama
caminleuamama1
caminleuamama12
caminleuamama123
caminleuamama12345678
caminleuamama123456789
caminleuamata
caminleuamata1
caminleuamata12
caminleuamata123
caminleuamata12345678
caminleuamata123456789
caminleuamustar
caminleuamustar1
caminleuamustar12
caminleuamustar123
caminleuamustar12345678
caminleuamustar123456789
caminleuaninge
caminleuaninge1
caminleuaninge12
caminleuaninge123
caminleuaninge12345678
caminleuaninge123456789
caminleuapalier
caminleuapalier1
caminleuapalier12
caminleuapalier123
caminleuapalier12345678
caminleuapalier123456789
caminleuaparola
caminleuaparola1
caminleuaparola12
caminleuaparola123
caminleuaparola12345678
caminleuaparola123456789
caminleuaploua
caminleuaploua1
caminleuaploua12
caminleuaploua123
caminleuaploua12345678
caminleuaploua123456789
caminleuasalam
caminleuasalam1
caminleuasalam12
caminleuasalam123
caminleuasalam12345678
caminleuasalam123456789
caminleuatuna
caminleuatuna1
caminleuatuna12
caminleuatuna123
caminleuatuna12345678
caminleuatuna123456789
caminleuaviol
caminleuaviol1
caminleuaviol12
caminleuaviol123
caminleuaviol12345678
caminleuaviol123456789
caminliga
caminliga1
caminliga12
caminliga123
caminliga12345678
caminliga123456789
caminligastudentilorelectronisti
caminligastudentilorelectronisti1
caminligastudentilorelectronisti12
caminligastudentilorelectronisti123
caminligastudentilorelectronisti12345678
caminligastudentilorelectronisti123456789
caminlsac
caminlsac1
caminlsac12
caminlsac123
caminlsac12345678
caminlsac123456789
caminlse
caminlse1
caminlse12
caminlse123
caminlse12345678
caminlse123456789
caminmaioneza
caminmaioneza1
caminmaioneza12
caminmaioneza123
caminmaioneza12345678
caminmaioneza123456789
caminmama
caminmama1
caminmama12
caminmama123
caminmama12345678
caminmama123456789
caminmata
caminmata1
caminmata12
caminmata123
caminmata12345678
caminmata123456789
caminmustar
caminmustar1
caminmustar12
caminmustar123
caminmustar12345678
caminmustar123456789
caminninge
caminninge1
caminninge12
caminninge123
caminninge12345678
caminninge123456789
caminpalier
caminpalier1
caminpalier12
caminpalier123
caminpalier12345678
caminpalier123456789
caminparola
caminparola1
caminparola12
caminparola123
caminparola12345678
caminparola123456789
caminploua
caminploua1
caminploua12
caminploua123
caminploua12345678
caminploua123456789
caminsalam
caminsalam1
caminsalam12
caminsalam123
caminsalam12345678
caminsalam123456789
camintuna
camintuna1
camintuna12
camintuna123
camintuna12345678
camintuna123456789
caminviol
caminviol1
caminviol12
caminviol123
caminviol12345678
caminviol123456789
castravete1
castravete12
castravete123
castravete12345678
castravete123456789
castraveteafara
castraveteafara1
castraveteafara12
castraveteafara123
castraveteafara12345678
castraveteafara123456789
castraveteavion
castraveteavion1
castraveteavion12
castraveteavion123
castraveteavion12345678
castraveteavion123456789
castravetebaieti
castravetebaieti1
castravetebaieti12
castravetebaieti123
castravetebaieti12345678
castravetebaieti123456789
castravetebordura
castravetebordura1
castravetebordura12
castravetebordura123
castravetebordura12345678
castravetebordura123456789
castravetecamin
castravetecamin1
castravetecamin12
castravetecamin123
castravetecamin12345678
castravetecamin123456789
castravetecaminleua
castravetecaminleua1
castravetecaminleua12
castravetecaminleua123
castravetecaminleua12345678
castravetecaminleua123456789
castravetecemai
castravetecemai1
castravetecemai12
castravetecemai123
castravetecemai12345678
castravetecemai123456789
castravetecoaie
castravetecoaie1
castravetecoaie12
castravetecoaie123
castravetecoaie12345678
castravetecoaie123456789
castraveteelectronica
castraveteelectronica1
castraveteelectronica12
castraveteelectronica123
castraveteelectronica12345678
castraveteelectronica123456789
castraveteestiprost
castraveteestiprost1
castraveteestiprost12
castraveteestiprost123
castraveteestiprost12345678
castraveteestiprost123456789
castraveteetaj4
castraveteetaj41
castraveteetaj412
castraveteetaj4123
castraveteetaj412345678
castraveteetaj4123456789
castravetefete
castravetefete1
castravetefete12
castravetefete123
castravetefete12345678
castravetefete123456789
castraveteleua
castraveteleua1
castraveteleua12
castraveteleua123
castraveteleua12345678
castraveteleua123456789
castraveteliga
castraveteliga1
castraveteliga12
castraveteliga123
castraveteliga12345678
castraveteliga123456789
castraveteligastudentilorelectronisti
castraveteligastudentilorelectronisti1
castraveteligastudentilorelectronisti12
castraveteligastudentilorelectronisti123
castraveteligastudentilorelectronisti12345678
castraveteligastudentilorelectronisti123456789
castravetelsac
castravetelsac1
castravetelsac12
castravetelsac123
castravetelsac12345678
castravetelsac123456789
castravetelse
castravetelse1
castravetelse12
castravetelse123
castravetelse12345678
castravetelse123456789
castravetemaioneza
castravetemaioneza1
castravetemaioneza12
castravetemaioneza123
castravetemaioneza12345678
castravetemaioneza123456789
castravetemama
castravetemama1
castravetemama12
castravetemama123
castravetemama12345678
castravetemama123456789
castravetemata
castravetemata1
castravetemata12
castravetemata123
castravetemata12345678
castravetemata123456789
castravetemustar
castravetemustar1
castravetemustar12
castravetemustar123
castravetemustar12345678
castravetemustar123456789
castraveteninge
castraveteninge1
castraveteninge12
castraveteninge123
castraveteninge12345678
castraveteninge123456789
castravetepalier
castravetepalier1
castravetepalier12
castravetepalier123
castravetepalier12345678
castravetepalier123456789
castraveteparola
castraveteparola1
castraveteparola12
castraveteparola123
castraveteparola12345678
castraveteparola123456789
castraveteploua
castraveteploua1
castraveteploua12
castraveteploua123
castraveteploua12345678
castraveteploua123456789
castravetesalam
castravetesalam1
castravetesalam12
castravetesalam123
castravetesalam12345678
castravetesalam123456789
castravetetuna
castravetetuna1
castravetetuna12
castravetetuna123
castravetetuna12345678
castravetetuna123456789
castraveteviol
castraveteviol1
castraveteviol12
castraveteviol123
castraveteviol12345678
castraveteviol123456789
cemai1
cemai12
cemai123
cemai12345678
cemai123456789
cemaiafara
cemaiafara1
cemaiafara12
cemaiafara123
cemaiafara12345678
cemaiafara123456789
cemaiavion
cemaiavion1
cemaiavion12
cemaiavion123
cemaiavion12345678
cemaiavion123456789
cemaibaieti
cemaibaieti1
cemaibaieti12
cemaibaieti123
cemaibaieti12345678
cemaibaieti123456789
cemaibordura
cemaibordura1
cemaibordura12
cemaibordura123
cemaibordura12345678
cemaibordura123456789
cemaicamin
cemaicamin1
cemaicamin12
cemaicamin123
cemaicamin12345678
cemaicamin123456789
cemaicaminleua
cemaicaminleua1
cemaicaminleua12
cemaicaminleua123
cemaicaminleua12345678
cemaicaminleua123456789
cemaicastravete
cemaicastravete1
cemaicastravete12
cemaicastravete123
cemaicastravete12345678
cemaicastravete123456789
cemaicoaie
cemaicoaie1
cemaicoaie12
cemaicoaie123
cemaicoaie12345678
cemaicoaie123456789
cemaielectronica
cemaielectronica1
cemaielectronica12
cemaielectronica123
cemaielectronica12345678
cemaielectronica123456789
cemaiestiprost
cemaiestiprost1
cemaiestiprost12
cemaiestiprost123
cemaiestiprost12345678
cemaiestiprost123456789
cemaietaj4
cemaietaj41
cemaietaj412
cemaietaj4123
cemaietaj412345678
cemaietaj4123456789
cemaifete
cemaifete1
cemaifete12
cemaifete123
cemaifete12345678
cemaifete123456789
cemaileua
cemaileua1
cemaileua12
cemaileua123
cemaileua12345678
cemaileua123456789
cemailiga
cemailiga1
cemailiga12
cemailiga123
cemailiga12345678
cemailiga123456789
cemailigastudentilorelectronisti
cemailigastudentilorelectronisti1
cemailigastudentilorelectronisti12
cemailigastudentilorelectronisti123
cemailigastudentilorelectronisti12345678
cemailigastudentilorelectronisti123456789
cemailsac
cemailsac1
cemailsac12
cemailsac123
cemailsac12345678
cemailsac123456789
cemailse
cemailse1
cemailse12
cemailse123
cemailse12345678
cemailse123456789
cemaimaioneza
cemaimaioneza1
cemaimaioneza12
cemaimaioneza123
cemaimaioneza12345678
cemaimaioneza123456789
cemaimama
cemaimama1
cemaimama12
cemaimama123
cemaimama12345678
cemaimama123456789
cemaimata
cemaimata1
cemaimata12
cemaimata123
cemaimata12345678
cemaimata123456789
cemaimustar
cemaimustar1
cemaimustar12
cemaimustar123
cemaimustar12345678
cemaimustar123456789
cemaininge
cemaininge1
cemaininge12
cemaininge123
cemaininge12345678
cemaininge123456789
cemaipalier
cemaipalier1
cemaipalier12
cemaipalier123
cemaipalier12345678
cemaipalier123456789
cemaiparola
cemaiparola1
cemaiparola12
cemaiparola123
cemaiparola12345678
cemaiparola123456789
cemaiploua
cemaiploua1
cemaiploua12
cemaiploua123
cemaiploua12345678
cemaiploua123456789
cemaisalam
cemaisalam1
cemaisalam12
cemaisalam123
cemaisalam12345678
cemaisalam123456789
cemaituna
cemaituna1
cemaituna12
cemaituna123
cemaituna12345678
cemaituna123456789
cemaiviol
cemaiviol1
cemaiviol12
cemaiviol123
cemaiviol12345678
cemaiviol123456789
coaie1
coaie12
coaie123
coaie12345678
coaie123456789
coaieafara
coaieafara1
coaieafara12
coaieafara123
coaieafara12345678
coaieafara123456789
coaieavion
coaieavion1
coaieavion12
coaieavion123
coaieavion12345678
coaieavion123456789
coaiebaieti
coaiebaieti1
coaiebaieti12
coaiebaieti123
coaiebaieti12345678
coaiebaieti123456789
coaiebordura
coaiebordura1
coaiebordura12
coaiebordura123
coaiebordura12345678
coaiebordura123456789
coaiecamin
coaiecamin1
coaiecamin12
coaiecamin123
coaiecamin12345678
coaiecamin123456789
coaiecaminleua
coaiecaminleua1
coaiecaminleua12
coaiecaminleua123
coaiecaminleua12345678
coaiecaminleua123456789
coaiecastravete
coaiecastravete1
coaiecastravete12
coaiecastravete123
coaiecastravete12345678
coaiecastravete123456789
coaiecemai
coaiecemai1
coaiecemai12
coaiecemai123
coaiecemai12345678
coaiecemai123456789
coaieelectronica
coaieelectronica1
coaieelectronica12
coaieelectronica123
coaieelectronica12345678
coaieelectronica123456789
coaieestiprost
coaieestiprost1
coaieestiprost12
coaieestiprost123
coaieestiprost12345678
coaieestiprost123456789
coaieetaj4
coaieetaj41
coaieetaj412
coaieetaj4123
coaieetaj412345678
coaieetaj4123456789
coaiefete
coaiefete1
coaiefete12
coaiefete123
coaiefete12345678
coaiefete123456789
coaieleua
coaieleua1
coaieleua12
coaieleua123
coaieleua12345678
coaieleua123456789
coaieliga
coaieliga1
coaieliga12
coaieliga123
coaieliga12345678
coaieliga123456789
coaieligastudentilorelectronisti
coaieligastudentilorelectronisti1
coaieligastudentilorelectronisti12
coaieligastudentilorelectronisti123
coaieligastudentilorelectronisti12345678
coaieligastudentilorelectronisti123456789
coaielsac
coaielsac1
coaielsac12
coaielsac123
coaielsac12345678
coaielsac123456789
coaielse
coaielse1
coaielse12
coaielse123
coaielse12345678
coaielse123456789
coaiemaioneza
coaiemaioneza1
coaiemaioneza12
coaiemaioneza123
coaiemaioneza12345678
coaiemaioneza123456789
coaiemama
coaiemama1
coaiemama12
coaiemama123
coaiemama12345678
coaiemama123456789
coaiemata
coaiemata1
coaiemata12
coaiemata123
coaiemata12345678
coaiemata123456789
coaiemustar
coaiemustar1
coaiemustar12
coaiemustar123
coaiemustar12345678
coaiemustar123456789
coaieninge
coaieninge1
coaieninge12
coaieninge123
coaieninge12345678
coaieninge123456789
coaiepalier
coaiepalier1
coaiepalier12
coaiepalier123
coaiepalier12345678
coaiepalier123456789
coaieparola
coaieparola1
coaieparola12
coaieparola123
coaieparola12345678
coaieparola123456789
coaieploua
coaieploua1
coaieploua12
coaieploua123
coaieploua12345678
coaieploua123456789
coaiesalam
coaiesalam1
coaiesalam12
coaiesalam123
coaiesalam12345678
coaiesalam123456789
coaietuna
coaietuna1
coaietuna12
coaietuna123
coaietuna12345678
coaietuna123456789
coaieviol
coaieviol1
coaieviol12
coaieviol123
coaieviol12345678
coaieviol123456789
electronica1
electronica12
electronica123
electronica12345678
electronica123456789
electronicaafara
electronicaafara1
electronicaafara12
electronicaafara123
electronicaafara12345678
electronicaafara123456789
electronicaavion
electronicaavion1
electronicaavion12
electronicaavion123
electronicaavion12345678
electronicaavion123456789
electronicabaieti
electronicabaieti1
electronicabaieti12
electronicabaieti123
electronicabaieti12345678
electronicabaieti123456789
electronicabordura
electronicabordura1
electronicabordura12
electronicabordura123
electronicabordura12345678
electronicabordura123456789
electronicacamin
electronicacamin1
electronicacamin12
electronicacamin123
electronicacamin12345678
electronicacamin123456789
electronicacaminleua
electronicacaminleua1
electronicacaminleua12
electronicacaminleua123
electronicacaminleua12345678
electronicacaminleua123456789
electronicacastravete
electronicacastravete1
electronicacastravete12
electronicacastravete123
electronicacastravete12345678
electronicacastravete123456789
electronicacemai
electronicacemai1
electronicacemai12
electronicacemai123
electronicacemai12345678
electronicacemai123456789
electronicacoaie
electronicacoaie1
electronicacoaie12
electronicacoaie123
electronicacoaie12345678
electronicacoaie123456789
electronicaestiprost
electronicaestiprost1
electronicaestiprost12
electronicaestiprost123
electronicaestiprost12345678
electronicaestiprost123456789
electronicaetaj4
electronicaetaj41
electronicaetaj412
electronicaetaj4123
electronicaetaj412345678
electronicaetaj4123456789
electronicafete
electronicafete1
electronicafete12
electronicafete123
electronicafete12345678
electronicafete123456789
electronicaleua
electronicaleua1
electronicaleua12
electronicaleua123
electronicaleua12345678
electronicaleua123456789
electronicaliga
electronicaliga1
electronicaliga12
electronicaliga123
electronicaliga12345678
electronicaliga123456789
electronicaligastudentilorelectronisti
electronicaligastudentilorelectronisti1
electronicaligastudentilorelectronisti12
electronicaligastudentilorelectronisti123
electronicaligastudentilorelectronisti12345678
electronicaligastudentilorelectronisti123456789
electronicalsac
electronicalsac1
electronicalsac12
electronicalsac123
electronicalsac12345678
electronicalsac123456789
electronicalse
electronicalse1
electronicalse12
electronicalse123
electronicalse12345678
electronicalse123456789
electronicamaioneza
electronicamaioneza1
electronicamaioneza12
electronicamaioneza123
electronicamaioneza12345678
electronicamaioneza123456789
electronicamama
electronicamama1
electronicamama12
electronicamama123
electronicamama12345678
electronicamama123456789
electronicamata
electronicamata1
electronicamata12
electronicamata123
electronicamata12345678
electronicamata123456789
electronicamustar
electronicamustar1
electronicamustar12
electronicamustar123
electronicamustar12345678
electronicamustar123456789
electronicaninge
electronicaninge1
electronicaninge12
electronicaninge123
electronicaninge12345678
electronicaninge123456789
electronicapalier
electronicapalier1
electronicapalier12
electronicapalier123
electronicapalier12345678
electronicapalier123456789
electronicaparola
electronicaparola1
electronicaparola12
electronicaparola123
electronicaparola12345678
electronicaparola123456789
electronicaploua
electronicaploua1
electronicaploua12
electronicaploua123
electronicaploua12345678
electronicaploua123456789
electronicasalam
electronicasalam1
electronicasalam12
electronicasalam123
electronicasalam12345678
electronicasalam123456789
electronicatuna
electronicatuna1
electronicatuna12
electronicatuna123
electronicatuna12345678
electronicatuna123456789
electronicaviol
electronicaviol1
electronicaviol12
electronicaviol123
electronicaviol12345678
electronicaviol123456789
estiprost1
estiprost12
estiprost123
estiprost12345678
estiprost123456789
estiprostafara
estiprostafara1
estiprostafara12
estiprostafara123
estiprostafara12345678
estiprostafara123456789
estiprostavion
estiprostavion1
estiprostavion12
estiprostavion123
estiprostavion12345678
estiprostavion123456789
estiprostbaieti
estiprostbaieti1
estiprostbaieti12
estiprostbaieti123
estiprostbaieti12345678
estiprostbaieti123456789
estiprostbordura
estiprostbordura1
estiprostbordura12
estiprostbordura123
estiprostbordura12345678
estiprostbordura123456789
estiprostcamin
estiprostcamin1
estiprostcamin12
estiprostcamin123
estiprostcamin12345678
estiprostcamin123456789
estiprostcaminleua
estiprostcaminleua1
estiprostcaminleua12
estiprostcaminleua123
estiprostcaminleua12345678
estiprostcaminleua123456789
estiprostcastravete
estiprostcastravete1
estiprostcastravete12
estiprostcastravete123
estiprostcastravete12345678
estiprostcastravete123456789
estiprostcemai
estiprostcemai1
estiprostcemai12
estiprostcemai123
estiprostcemai12345678
estiprostcemai123456789
estiprostcoaie
estiprostcoaie1
estiprostcoaie12
estiprostcoaie123
estiprostcoaie12345678
estiprostcoaie123456789
estiprostelectronica
estiprostelectronica1
estiprostelectronica12
estiprostelectronica123
estiprostelectronica12345678
estiprostelectronica123456789
estiprostetaj4
estiprostetaj41
estiprostetaj412
estiprostetaj4123
estiprostetaj412345678
estiprostetaj4123456789
estiprostfete
estiprostfete1
estiprostfete12
estiprostfete123
estiprostfete12345678
estiprostfete123456789
estiprostleua
estiprostleua1
estiprostleua12
estiprostleua123
estiprostleua12345678
estiprostleua123456789
estiprostliga
estiprostliga1
estiprostliga12
estiprostliga123
estiprostliga12345678
estiprostliga123456789
estiprostligastudentilorelectronisti
estiprostligastudentilorelectronisti1
estiprostligastudentilorelectronisti12
estiprostligastudentilorelectronisti123
estiprostligastudentilorelectronisti12345678
estiprostligastudentilorelectronisti123456789
estiprostlsac
estiprostlsac1
estiprostlsac12
estiprostlsac123
estiprostlsac12345678
estiprostlsac123456789
estiprostlse
estiprostlse1
estiprostlse12
estiprostlse123
estiprostlse12345678
estiprostlse123456789
estiprostmaioneza
estiprostmaioneza1
estiprostmaioneza12
estiprostmaioneza123
estiprostmaioneza12345678
estiprostmaioneza123456789
estiprostmama
estiprostmama1
estiprostmama12
estiprostmama123
estiprostmama12345678
estiprostmama123456789
estiprostmata
estiprostmata1
estiprostmata12
estiprostmata123
estiprostmata12345678
estiprostmata123456789
estiprostmustar
estiprostmustar1
estiprostmustar12
estiprostmustar123
estiprostmustar12345678
estiprostmustar123456789
estiprostninge
estiprostninge1
estiprostninge12
estiprostninge123
estiprostninge12345678
estiprostninge123456789
estiprostpalier
estiprostpalier1
estiprostpalier12
estiprostpalier123
estiprostpalier12345678
estiprostpalier123456789
estiprostparola
estiprostparola1
estiprostparola12
estiprostparola123
estiprostparola12345678
estiprostparola123456789
estiprostploua
estiprostploua1
estiprostploua12
estiprostploua123
estiprostploua12345678
estiprostploua123456789
estiprostsalam
estiprostsalam1
estiprostsalam12
estiprostsalam123
estiprostsalam12345678
estiprostsalam123456789
estiprosttuna
estiprosttuna1
estiprosttuna12
estiprosttuna123
estiprosttuna12345678
estiprosttuna123456789
estiprostviol
estiprostviol1
estiprostviol12
estiprostviol123
estiprostviol12345678
estiprostviol123456789
etaj41
etaj412
etaj4123
etaj412345678
etaj4123456789
etaj4afara
etaj4afara1
etaj4afara12
etaj4afara123
etaj4afara12345678
etaj4afara123456789
etaj4avion
etaj4avion1
etaj4avion12
etaj4avion123
etaj4avion12345678
etaj4avion123456789
etaj4baieti
etaj4baieti1
etaj4baieti12
etaj4baieti123
etaj4baieti12345678
etaj4baieti123456789
etaj4bordura
etaj4bordura1
etaj4bordura12
etaj4bordura123
etaj4bordura12345678
etaj4bordura123456789
etaj4camin
etaj4camin1
etaj4camin12
etaj4camin123
etaj4camin12345678
etaj4camin123456789
etaj4caminleua
etaj4caminleua1
etaj4caminleua12
etaj4caminleua123
etaj4caminleua12345678
etaj4caminleua123456789
etaj4castravete
etaj4castravete1
etaj4castravete12
etaj4castravete123
etaj4castravete12345678
etaj4castravete123456789
etaj4cemai
etaj4cemai1
etaj4cemai12
etaj4cemai123
etaj4cemai12345678
etaj4cemai123456789
etaj4coaie
etaj4coaie1
etaj4coaie12
etaj4coaie123
etaj4coaie12345678
etaj4coaie123456789
etaj4electronica
etaj4electronica1
etaj4electronica12
etaj4electronica123
etaj4electronica12345678
etaj4electronica123456789
etaj4estiprost
etaj4estiprost1
etaj4estiprost12
etaj4estiprost123
etaj4estiprost12345678
etaj4estiprost123456789
etaj4fete
etaj4fete1
etaj4fete12
etaj4fete123
etaj4fete12345678
etaj4fete123456789
etaj4leua
etaj4leua1
etaj4leua12
etaj4leua123
etaj4leua12345678
etaj4leua123456789
etaj4liga
etaj4liga1
etaj4liga12
etaj4liga123
etaj4liga12345678
etaj4liga123456789
etaj4ligastudentilorelectronisti
etaj4ligastudentilorelectronisti1
etaj4ligastudentilorelectronisti12
etaj4ligastudentilorelectronisti123
etaj4ligastudentilorelectronisti12345678
etaj4ligastudentilorelectronisti123456789
etaj4lsac
etaj4lsac1
etaj4lsac12
etaj4lsac123
etaj4lsac12345678
etaj4lsac123456789
etaj4lse
etaj4lse1
etaj4lse12
etaj4lse123
etaj4lse12345678
etaj4lse123456789
etaj4maioneza
etaj4maioneza1
etaj4maioneza12
etaj4maioneza123
etaj4maioneza12345678
etaj4maioneza123456789
etaj4mama
etaj4mama1
etaj4mama12
etaj4mama123
etaj4mama12345678
etaj4mama123456789
etaj4mata
etaj4mata1
etaj4mata12
etaj4mata123
etaj4mata12345678
etaj4mata123456789
etaj4mustar
etaj4mustar1
etaj4mustar12
etaj4mustar123
etaj4mustar12345678
etaj4mustar123456789
etaj4ninge
etaj4ninge1
etaj4ninge12
etaj4ninge123
etaj4ninge12345678
etaj4ninge123456789
etaj4palier
etaj4palier1
etaj4palier12
etaj4palier123
etaj4palier12345678
etaj4palier123456789
etaj4parola
etaj4parola1
etaj4parola12
etaj4parola123
etaj4parola12345678
etaj4parola123456789
etaj4ploua
etaj4ploua1
etaj4ploua12
etaj4ploua123
etaj4ploua12345678
etaj4ploua123456789
etaj4salam
etaj4salam1
etaj4salam12
etaj4salam123
etaj4salam12345678
etaj4salam123456789
etaj4tuna
etaj4tuna1
etaj4tuna12
etaj4tuna123
etaj4tuna12345678
etaj4tuna123456789
etaj4viol
etaj4viol1
etaj4viol12
etaj4viol123
etaj4viol12345678
etaj4viol123456789
fete1
fete12
fete123
fete12345678
fete123456789
feteafara
feteafara1
feteafara12
feteafara123
feteafara12345678
feteafara123456789
feteavion
feteavion1
feteavion12
feteavion123
feteavion12345678
feteavion123456789
fetebaieti
fetebaieti1
fetebaieti12
fetebaieti123
fetebaieti12345678
fetebaieti123456789
fetebordura
fetebordura1
fetebordura12
fetebordura123
fetebordura12345678
fetebordura123456789
fetecamin
fetecamin1
fetecamin12
fetecamin123
fetecamin12345678
fetecamin123456789
fetecaminleua
fetecaminleua1
fetecaminleua12
fetecaminleua123
fetecaminleua12345678
fetecaminleua123456789
fetecastravete
fetecastravete1
fetecastravete12
fetecastravete123
fetecastravete12345678
fetecastravete123456789
fetecemai
fetecemai1
fetecemai12
fetecemai123
fetecemai12345678
fetecemai123456789
fetecoaie
fetecoaie1
fetecoaie12
fetecoaie123
fetecoaie12345678
fetecoaie123456789
feteelectronica
feteelectronica1
feteelectronica12
feteelectronica123
feteelectronica12345678
feteelectronica123456789
feteestiprost
feteestiprost1
feteestiprost12
feteestiprost123
feteestiprost12345678
feteestiprost123456789
feteetaj4
feteetaj41
feteetaj412
feteetaj4123
feteetaj412345678
feteetaj4123456789
feteleua
feteleua1
feteleua12
feteleua123
feteleua12345678
feteleua123456789
feteliga
feteliga1
feteliga12
feteliga123
feteliga12345678
feteliga123456789
feteligastudentilorelectronisti
feteligastudentilorelectronisti1
feteligastudentilorelectronisti12
feteligastudentilorelectronisti123
feteligastudentilorelectronisti12345678
feteligastudentilorelectronisti123456789
fetelsac
fetelsac1
fetelsac12
fetelsac123
fetelsac12345678
fetelsac123456789
fetelse
fetelse1
fetelse12
fetelse123
fetelse12345678
fetelse123456789
fetemaioneza
fetemaioneza1
fetemaioneza12
fetemaioneza123
fetemaioneza12345678
fetemaioneza123456789
fetemama
fetemama1
fetemama12
fetemama123
fetemama12345678
fetemama123456789
fetemata
fetemata1
fetemata12
fetemata123
fetemata12345678
fetemata123456789
fetemustar
fetemustar1
fetemustar12
fetemustar123
fetemustar12345678
fetemustar123456789
feteninge
feteninge1
feteninge12
feteninge123
feteninge12345678
feteninge123456789
fetepalier
fetepalier1
fetepalier12
fetepalier123
fetepalier12345678
fetepalier123456789
feteparola
feteparola1
feteparola12
feteparola123
feteparola12345678
feteparola123456789
feteploua
feteploua1
feteploua12
feteploua123
feteploua12345678
feteploua123456789
fetesalam
fetesalam1
fetesalam12
fetesalam123
fetesalam12345678
fetesalam123456789
fetetuna
fetetuna1
fetetuna12
fetetuna123
fetetuna12345678
fetetuna123456789
feteviol
feteviol1
feteviol12
feteviol123
feteviol12345678
feteviol123456789
leua1
leua12
leua123
leua12345678
leua123456789
leuaafara
leuaafara1
leuaafara12
leuaafara123
leuaafara12345678
leuaafara123456789
leuaavion
leuaavion1
leuaavion12
leuaavion123
leuaavion12345678
leuaavion123456789
leuabaieti
leuabaieti1
leuabaieti12
leuabaieti123
leuabaieti12345678
leuabaieti123456789
leuabordura
leuabordura1
leuabordura12
leuabordura123
leuabordura12345678
leuabordura123456789
leuacamin
leuacamin1
leuacamin12
leuacamin123
leuacamin12345678
leuacamin123456789
leuacaminleua
leuacaminleua1
leuacaminleua12
leuacaminleua123
leuacaminleua12345678
leuacaminleua123456789
leuacastravete
leuacastravete1
leuacastravete12
leuacastravete123
leuacastravete12345678
leuacastravete123456789
leuacemai
leuacemai1
leuacemai12
leuacemai123
leuacemai12345678
leuacemai123456789
leuacoaie
leuacoaie1
leuacoaie12
leuacoaie123
leuacoaie12345678
leuacoaie123456789
leuaelectronica
leuaelectronica1
leuaelectronica12
leuaelectronica123
leuaelectronica12345678
leuaelectronica123456789
leuaestiprost
leuaestiprost1
leuaestiprost12
leuaestiprost123
leuaestiprost12345678
leuaestiprost123456789
leuaetaj4
leuaetaj41
leuaetaj412
leuaetaj4123
leuaetaj412345678
leuaetaj4123456789
leuafete
leuafete1
leuafete12
leuafete123
leuafete12345678
leuafete123456789
leualiga
leualiga1
leualiga12
leualiga123
leualiga12345678
leualiga123456789
leualigastudentilorelectronisti
leualigastudentilorelectronisti1
leualigastudentilorelectronisti12
leualigastudentilorelectronisti123
leualigastudentilorelectronisti12345678
leualigastudentilorelectronisti123456789
leualsac
leualsac1
leualsac12
leualsac123
leualsac12345678
leualsac123456789
leualse
leualse1
leualse12
leualse123
leualse12345678
leualse123456789
leuamaioneza
leuamaioneza1
leuamaioneza12
leuamaioneza123
leuamaioneza12345678
leuamaioneza123456789
leuamama
leuamama1
leuamama12
leuamama123
leuamama12345678
leuamama123456789
leuamata
leuamata1
leuamata12
leuamata123
leuamata12345678
leuamata123456789
leuamustar
leuamustar1
leuamustar12
leuamustar123
leuamustar12345678
leuamustar123456789
leuaninge
leuaninge1
leuaninge12
leuaninge123
leuaninge12345678
leuaninge123456789
leuapalier
leuapalier1
leuapalier12
leuapalier123
leuapalier12345678
leuapalier123456789
leuaparola
leuaparola1
leuaparola12
leuaparola123
leuaparola12345678
leuaparola123456789
leuaploua
leuaploua1
leuaploua12
leuaploua123
leuaploua12345678
leuaploua123456789
leuasalam
leuasalam1
leuasalam12
leuasalam123
leuasalam12345678
leuasalam123456789
leuatuna
leuatuna1
leuatuna12
leuatuna123
leuatuna12345678
leuatuna123456789
leuaviol
leuaviol1
leuaviol12
leuaviol123
leuaviol12345678
leuaviol123456789
liga1
liga12
liga123
liga12345678
liga123456789
ligaafara
ligaafara1
ligaafara12
ligaafara123
ligaafara12345678
ligaafara123456789
ligaavion
ligaavion1
ligaavion12
ligaavion123
ligaavion12345678
ligaavion123456789
ligabaieti
ligabaieti1
ligabaieti12
ligabaieti123
ligabaieti12345678
ligabaieti123456789
ligabordura
ligabordura1
ligabordura12
ligabordura123
ligabordura12345678
ligabordura123456789
ligacamin
ligacamin1
ligacamin12
ligacamin123
ligacamin12345678
ligacamin123456789
ligacaminleua
ligacaminleua1
ligacaminleua12
ligacaminleua123
ligacaminleua12345678
ligacaminleua123456789
ligacastravete
ligacastravete1
ligacastravete12
ligacastravete123
ligacastravete12345678
ligacastravete123456789
ligacemai
ligacemai1
ligacemai12
ligacemai123
ligacemai12345678
ligacemai123456789
ligacoaie
ligacoaie1
ligacoaie12
ligacoaie123
ligacoaie12345678
ligacoaie123456789
ligaelectronica
ligaelectronica1
ligaelectronica12
ligaelectronica123
ligaelectronica12345678
ligaelectronica123456789
ligaestiprost
ligaestiprost1
ligaestiprost12
ligaestiprost123
ligaestiprost12345678
ligaestiprost123456789
ligaetaj4
ligaetaj41
ligaetaj412
ligaetaj4123
ligaetaj412345678
ligaetaj4123456789
ligafete
ligafete1
ligafete12
ligafete123
ligafete12345678
ligafete123456789
ligaleua
ligaleua1
ligaleua12
ligaleua123
ligaleua12345678
ligaleua123456789
ligaligastudentilorelectronisti
ligaligastudentilorelectronisti1
ligaligastudentilorelectronisti12
ligaligastudentilorelectronisti123
ligaligastudentilorelectronisti12345678
ligaligastudentilorelectronisti123456789
ligalsac
ligalsac1
ligalsac12
ligalsac123
ligalsac12345678
ligalsac123456789
ligalse
ligalse1
ligalse12
ligalse123
ligalse12345678
ligalse123456789
ligamaioneza
ligamaioneza1
ligamaioneza12
ligamaioneza123
ligamaioneza12345678
ligamaioneza123456789
ligamama
ligamama1
ligamama12
ligamama123
ligamama12345678
ligamama123456789
ligamata
ligamata1
ligamata12
ligamata123
ligamata12345678
ligamata123456789
ligamustar
ligamustar1
ligamustar12
ligamustar123
ligamustar12345678
ligamustar123456789
liganinge
liganinge1
liganinge12
liganinge123
liganinge12345678
liganinge123456789
ligapalier
ligapalier1
ligapalier12
ligapalier123
ligapalier12345678
ligapalier123456789
ligaparola
ligaparola1
ligaparola12
ligaparola123
ligaparola12345678
ligaparola123456789
ligaploua
ligaploua1
ligaploua12
ligaploua123
ligaploua12345678
ligaploua123456789
ligasalam
ligasalam1
ligasalam12
ligasalam123
ligasalam12345678
ligasalam123456789
ligastudentilorelectronisti1
ligastudentilorelectronisti12
ligastudentilorelectronisti123
ligastudentilorelectronisti12345678
ligastudentilorelectronisti123456789
ligastudentilorelectronistiafara
ligastudentilorelectronistiafara1
ligastudentilorelectronistiafara12
ligastudentilorelectronistiafara123
ligastudentilorelectronistiafara12345678
ligastudentilorelectronistiafara123456789
ligastudentilorelectronistiavion
ligastudentilorelectronistiavion1
ligastudentilorelectronistiavion12
ligastudentilorelectronistiavion123
ligastudentilorelectronistiavion12345678
ligastudentilorelectronistiavion123456789
ligastudentilorelectronistibaieti
ligastudentilorelectronistibaieti1
ligastudentilorelectronistibaieti12
ligastudentilorelectronistibaieti123
ligastudentilorelectronistibaieti12345678
ligastudentilorelectronistibaieti123456789
ligastudentilorelectronistibordura
ligastudentilorelectronistibordura1
ligastudentilorelectronistibordura12
ligastudentilorelectronistibordura123
ligastudentilorelectronistibordura12345678
ligastudentilorelectronistibordura123456789
ligastudentilorelectronisticamin
ligastudentilorelectronisticamin1
ligastudentilorelectronisticamin12
ligastudentilorelectronisticamin123
ligastudentilorelectronisticamin12345678
ligastudentilorelectronisticamin123456789
ligastudentilorelectronisticaminleua
ligastudentilorelectronisticaminleua1
ligastudentilorelectronisticaminleua12
ligastudentilorelectronisticaminleua123
ligastudentilorelectronisticaminleua12345678
ligastudentilorelectronisticaminleua123456789
ligastudentilorelectronisticastravete
ligastudentilorelectronisticastravete1
ligastudentilorelectronisticastravete12
ligastudentilorelectronisticastravete123
ligastudentilorelectronisticastravete12345678
ligastudentilorelectronisticastravete123456789
ligastudentilorelectronisticemai
ligastudentilorelectronisticemai1
ligastudentilorelectronisticemai12
ligastudentilorelectronisticemai123
ligastudentilorelectronisticemai12345678
ligastudentilorelectronisticemai123456789
ligastudentilorelectronisticoaie
ligastudentilorelectronisticoaie1
ligastudentilorelectronisticoaie12
ligastudentilorelectronisticoaie123
ligastudentilorelectronisticoaie12345678
ligastudentilorelectronisticoaie123456789
ligastudentilorelectronistielectronica
ligastudentilorelectronistielectronica1
ligastudentilorelectronistielectronica12
ligastudentilorelectronistielectronica123
ligastudentilorelectronistielectronica12345678
ligastudentilorelectronistielectronica123456789
ligastudentilorelectronistiestiprost
ligastudentilorelectronistiestiprost1
ligastudentilorelectronistiestiprost12
ligastudentilorelectronistiestiprost123
ligastudentilorelectronistiestiprost12345678
ligastudentilorelectronistiestiprost123456789
ligastudentilorelectronistietaj4
ligastudentilorelectronistietaj41
ligastudentilorelectronistietaj412
ligastudentilorelectronistietaj4123
ligastudentilorelectronistietaj412345678
ligastudentilorelectronistietaj4123456789
ligastudentilorelectronistifete
ligastudentilorelectronistifete1
ligastudentilorelectronistifete12
ligastudentilorelectronistifete123
ligastudentilorelectronistifete12345678
ligastudentilorelectronistifete123456789
ligastudentilorelectronistileua
ligastudentilorelectronistileua1
ligastudentilorelectronistileua12
ligastudentilorelectronistileua123
ligastudentilorelectronistileua12345678
ligastudentilorelectronistileua123456789
ligastudentilorelectronistiliga
ligastudentilorelectronistiliga1
ligastudentilorelectronistiliga12
ligastudentilorelectronistiliga123
ligastudentilorelectronistiliga12345678
ligastudentilorelectronistiliga123456789
ligastudentilorelectronistilsac
ligastudentilorelectronistilsac1
ligastudentilorelectronistilsac12
ligastudentilorelectronistilsac123
ligastudentilorelectronistilsac12345678
ligastudentilorelectronistilsac123456789
ligastudentilorelectronistilse
ligastudentilorelectronistilse1
ligastudentilorelectronistilse12
ligastudentilorelectronistilse123
ligastudentilorelectronistilse12345678
ligastudentilorelectronistilse123456789
ligastudentilorelectronistimaioneza
ligastudentilorelectronistimaioneza1
ligastudentilorelectronistimaioneza12
ligastudentilorelectronistimaioneza123
ligastudentilorelectronistimaioneza12345678
ligastudentilorelectronistimaioneza123456789
ligastudentilorelectronistimama
ligastudentilorelectronistimama1
ligastudentilorelectronistimama12
ligastudentilorelectronistimama123
ligastudentilorelectronistimama12345678
ligastudentilorelectronistimama123456789
ligastudentilorelectronistimata
ligastudentilorelectronistimata1
ligastudentilorelectronistimata12
ligastudentilorelectronistimata123
ligastudentilorelectronistimata12345678
ligastudentilorelectronistimata123456789
ligastudentilorelectronistimustar
ligastudentilorelectronistimustar1
ligastudentilorelectronistimustar12
ligastudentilorelectronistimustar123
ligastudentilorelectronistimustar12345678
ligastudentilorelectronistimustar123456789
ligastudentilorelectronistininge
ligastudentilorelectronistininge1
ligastudentilorelectronistininge12
ligastudentilorelectronistininge123
ligastudentilorelectronistininge12345678
ligastudentilorelectronistininge123456789
ligastudentilorelectronistipalier
ligastudentilorelectronistipalier1
ligastudentilorelectronistipalier12
ligastudentilorelectronistipalier123
ligastudentilorelectronistipalier12345678
ligastudentilorelectronistipalier123456789
ligastudentilorelectronistiparola
ligastudentilorelectronistiparola1
ligastudentilorelectronistiparola12
ligastudentilorelectronistiparola123
ligastudentilorelectronistiparola12345678
ligastudentilorelectronistiparola123456789
ligastudentilorelectronistiploua
ligastudentilorelectronistiploua1
ligastudentilorelectronistiploua12
ligastudentilorelectronistiploua123
ligastudentilorelectronistiploua12345678
ligastudentilorelectronistiploua123456789
ligastudentilorelectronistisalam
ligastudentilorelectronistisalam1
ligastudentilorelectronistisalam12
ligastudentilorelectronistisalam123
ligastudentilorelectronistisalam12345678
ligastudentilorelectronistisalam123456789
ligastudentilorelectronistituna
ligastudentilorelectronistituna1
ligastudentilorelectronistituna12
ligastudentilorelectronistituna123
ligastudentilorelectronistituna12345678
ligastudentilorelectronistituna123456789
ligastudentilorelectronistiviol
ligastudentilorelectronistiviol1
ligastudentilorelectronistiviol12
ligastudentilorelectronistiviol123
ligastudentilorelectronistiviol12345678
ligastudentilorelectronistiviol123456789
ligatuna
ligatuna1
ligatuna12
ligatuna123
ligatuna12345678
ligatuna123456789
ligaviol
ligaviol1
ligaviol12
ligaviol123
ligaviol12345678
ligaviol123456789
lsac1
lsac12
lsac123
lsac12345678
lsac123456789
lsacafara
lsacafara1
lsacafara12
lsacafara123
lsacafara12345678
lsacafara123456789
lsacavion
lsacavion1
lsacavion12
lsacavion123
lsacavion12345678
lsacavion123456789
lsacbaieti
lsacbaieti1
lsacbaieti12
lsacbaieti123
lsacbaieti12345678
lsacbaieti123456789
lsacbordura
lsacbordura1
lsacbordura12
lsacbordura123
lsacbordura12345678
lsacbordura123456789
lsaccamin
lsaccamin1
lsaccamin12
lsaccamin123
lsaccamin12345678
lsaccamin123456789
lsaccaminleua
lsaccaminleua1
lsaccaminleua12
lsaccaminleua123
lsaccaminleua12345678
lsaccaminleua123456789
lsaccastravete
lsaccastravete1
lsaccastravete12
lsaccastravete123
lsaccastravete12345678
lsaccastravete123456789
lsaccemai
lsaccemai1
lsaccemai12
lsaccemai123
lsaccemai12345678
lsaccemai123456789
lsaccoaie
lsaccoaie1
lsaccoaie12
lsaccoaie123
lsaccoaie12345678
lsaccoaie123456789
lsacelectronica
lsacelectronica1
lsacelectronica12
lsacelectronica123
lsacelectronica12345678
lsacelectronica123456789
lsacestiprost
lsacestiprost1
lsacestiprost12
lsacestiprost123
lsacestiprost12345678
lsacestiprost123456789
lsacetaj4
lsacetaj41
lsacetaj412
lsacetaj4123
lsacetaj412345678
lsacetaj4123456789
lsacfete
lsacfete1
lsacfete12
lsacfete123
lsacfete12345678
lsacfete123456789
lsacleua
lsacleua1
lsacleua12
lsacleua123
lsacleua12345678
lsacleua123456789
lsacliga
lsacliga1
lsacliga12
lsacliga123
lsacliga12345678
lsacliga123456789
lsacligastudentilorelectronisti
lsacligastudentilorelectronisti1
lsacligastudentilorelectronisti12
lsacligastudentilorelectronisti123
lsacligastudentilorelectronisti12345678
lsacligastudentilorelectronisti123456789
lsaclse
lsaclse1
lsaclse12
lsaclse123
lsaclse12345678
lsaclse123456789
lsacmaioneza
lsacmaioneza1
lsacmaioneza12
lsacmaioneza123
lsacmaioneza12345678
lsacmaioneza123456789
lsacmama
lsacmama1
lsacmama12
lsacmama123
lsacmama12345678
lsacmama123456789
lsacmata
lsacmata1
lsacmata12
lsacmata123
lsacmata12345678
lsacmata123456789
lsacmustar
lsacmustar1
lsacmustar12
lsacmustar123
lsacmustar12345678
lsacmustar123456789
lsacninge
lsacninge1
lsacninge12
lsacninge123
lsacninge12345678
lsacninge123456789
lsacpalier
lsacpalier1
lsacpalier12
lsacpalier123
lsacpalier12345678
lsacpalier123456789
lsacparola
lsacparola1
lsacparola12
lsacparola123
lsacparola12345678
lsacparola123456789
lsacploua
lsacploua1
lsacploua12
lsacploua123
lsacploua12345678
lsacploua123456789
lsacsalam
lsacsalam1
lsacsalam12
lsacsalam123
lsacsalam12345678
lsacsalam123456789
lsactuna
lsactuna1
lsactuna12
lsactuna123
lsactuna12345678
lsactuna123456789
lsacviol
lsacviol1
lsacviol12
lsacviol123
lsacviol12345678
lsacviol123456789
lse1
lse12
lse123
lse12345678
lse123456789
lseafara
lseafara1
lseafara12
lseafara123
lseafara12345678
lseafara123456789
lseavion
lseavion1
lseavion12
lseavion123
lseavion12345678
lseavion123456789
lsebaieti
lsebaieti1
lsebaieti12
lsebaieti123
lsebaieti12345678
lsebaieti123456789
lsebordura
lsebordura1
lsebordura12
lsebordura123
lsebordura12345678
lsebordura123456789
lsecamin
lsecamin1
lsecamin12
lsecamin123
lsecamin12345678
lsecamin123456789
lsecaminleua
lsecaminleua1
lsecaminleua12
lsecaminleua123
lsecaminleua12345678
lsecaminleua123456789
lsecastravete
lsecastravete1
lsecastravete12
lsecastravete123
lsecastravete12345678
lsecastravete123456789
lsecemai
lsecemai1
lsecemai12
lsecemai123
lsecemai12345678
lsecemai123456789
lsecoaie
lsecoaie1
lsecoaie12
lsecoaie123
lsecoaie12345678
lsecoaie123456789
lseelectronica
lseelectronica1
lseelectronica12
lseelectronica123
lseelectronica12345678
lseelectronica123456789
lseestiprost
lseestiprost1
lseestiprost12
lseestiprost123
lseestiprost12345678
lseestiprost123456789
lseetaj4
lseetaj41
lseetaj412
lseetaj4123
lseetaj412345678
lseetaj4123456789
lsefete
lsefete1
lsefete12
lsefete123
lsefete12345678
lsefete123456789
lseleua
lseleua1
lseleua12
lseleua123
lseleua12345678
lseleua123456789
lseliga
lseliga1
lseliga12
lseliga123
lseliga12345678
lseliga123456789
lseligastudentilorelectronisti
lseligastudentilorelectronisti1
lseligastudentilorelectronisti12
lseligastudentilorelectronisti123
lseligastudentilorelectronisti12345678
lseligastudentilorelectronisti123456789
lselsac
lselsac1
lselsac12
lselsac123
lselsac12345678
lselsac123456789
lsemaioneza
lsemaioneza1
lsemaioneza12
lsemaioneza123
lsemaioneza12345678
lsemaioneza123456789
lsemama
lsemama1
lsemama12
lsemama123
lsemama12345678
lsemama123456789
lsemata
lsemata1
lsemata12
lsemata123
lsemata12345678
lsemata123456789
lsemustar
lsemustar1
lsemustar12
lsemustar123
lsemustar12345678
lsemustar123456789
lseninge
lseninge1
lseninge12
lseninge123
lseninge12345678
lseninge123456789
lsepalier
lsepalier1
lsepalier12
lsepalier123
lsepalier12345678
lsepalier123456789
lseparola
lseparola1
lseparola12
lseparola123
lseparola12345678
lseparola123456789
lseploua
lseploua1
lseploua12
lseploua123
lseploua12345678
lseploua123456789
lsesalam
lsesalam1
lsesalam12
lsesalam123
lsesalam12345678
lsesalam123456789
lsetuna
lsetuna1
lsetuna12
lsetuna123
lsetuna12345678
lsetuna123456789
lseviol
lseviol1
lseviol12
lseviol123
lseviol12345678
lseviol123456789
maioneza1
maioneza12
maioneza123
maioneza12345678
maioneza123456789
maionezaafara
maionezaafara1
maionezaafara12
maionezaafara123
maionezaafara12345678
maionezaafara123456789
maionezaavion
maionezaavion1
maionezaavion12
maionezaavion123
maionezaavion12345678
maionezaavion123456789
maionezabaieti
maionezabaieti1
maionezabaieti12
maionezabaieti123
maionezabaieti12345678
maionezabaieti123456789
maionezabordura
maionezabordura1
maionezabordura12
maionezabordura123
maionezabordura12345678
maionezabordura123456789
maionezacamin
maionezacamin1
maionezacamin12
maionezacamin123
maionezacamin12345678
maionezacamin123456789
maionezacaminleua
maionezacaminleua1
maionezacaminleua12
maionezacaminleua123
maionezacaminleua12345678
maionezacaminleua123456789
maionezacastravete
maionezacastravete1
maionezacastravete12
maionezacastravete123
maionezacastravete12345678
maionezacastravete123456789
maionezacemai
maionezacemai1
maionezacemai12
maionezacemai123
maionezacemai12345678
maionezacemai123456789
maionezacoaie
maionezacoaie1
maionezacoaie12
maionezacoaie123
maionezacoaie12345678
maionezacoaie123456789
maionezaelectronica
maionezaelectronica1
maionezaelectronica12
maionezaelectronica123
maionezaelectronica12345678
maionezaelectronica123456789
maionezaestiprost
maionezaestiprost1
maionezaestiprost12
maionezaestiprost123
maionezaestiprost12345678
maionezaestiprost123456789
maionezaetaj4
maionezaetaj41
maionezaetaj412
maionezaetaj4123
maionezaetaj412345678
maionezaetaj4123456789
maionezafete
maionezafete1
maionezafete12
maionezafete123
maionezafete12345678
maionezafete123456789
maionezaleua
maionezaleua1
maionezaleua12
maionezaleua123
maionezaleua12345678
maionezaleua123456789
maionezaliga
maionezaliga1
maionezaliga12
maionezaliga123
maionezaliga12345678
maionezaliga123456789
maionezaligastudentilorelectronisti
maionezaligastudentilorelectronisti1
maionezaligastudentilorelectronisti12
maionezaligastudentilorelectronisti123
maionezaligastudentilorelectronisti12345678
maionezaligastudentilorelectronisti123456789
maionezalsac
maionezalsac1
maionezalsac12
maionezalsac123
maionezalsac12345678
maionezalsac123456789
maionezalse
maionezalse1
maionezalse12
maionezalse123
maionezalse12345678
maionezalse123456789
maionezamama
maionezamama1
maionezamama12
maionezamama123
maionezamama12345678
maionezamama123456789
maionezamata
maionezamata1
maionezamata12
maionezamata123
maionezamata12345678
maionezamata123456789
maionezamustar
maionezamustar1
maionezamustar12
maionezamustar123
maionezamustar12345678
maionezamustar123456789
maionezaninge
maionezaninge1
maionezaninge12
maionezaninge123
maionezaninge12345678
maionezaninge123456789
maionezapalier
maionezapalier1
maionezapalier12
maionezapalier123
maionezapalier12345678
maionezapalier123456789
maionezaparola
maionezaparola1
maionezaparola12
maionezaparola123
maionezaparola12345678
maionezaparola123456789
maionezaploua
maionezaploua1
maionezaploua12
maionezaploua123
maionezaploua12345678
maionezaploua123456789
maionezasalam
maionezasalam1
maionezasalam12
maionezasalam123
maionezasalam12345678
maionezasalam123456789
maionezatuna
maionezatuna1
maionezatuna12
maionezatuna123
maionezatuna12345678
maionezatuna123456789
maionezaviol
maionezaviol1
maionezaviol12
maionezaviol123
maionezaviol12345678
maionezaviol123456789
mama1
mama12
mama123
mama12345678
mama123456789
mamaafara
mamaafara1
mamaafara12
mamaafara123
mamaafara12345678
mamaafara123456789
mamaavion
mamaavion1
mamaavion12
mamaavion123
mamaavion12345678
mamaavion123456789
mamabaieti
mamabaieti1
mamabaieti12
mamabaieti123
mamabaieti12345678
mamabaieti123456789
mamabordura
mamabordura1
mamabordura12
mamabordura123
mamabordura12345678
mamabordura123456789
mamacamin
mamacamin1
mamacamin12
mamacamin123
mamacamin12345678
mamacamin123456789
mamacaminleua
mamacaminleua1
mamacaminleua12
mamacaminleua123
mamacaminleua12345678
mamacaminleua123456789
mamacastravete
mamacastravete1
mamacastravete12
mamacastravete123
mamacastravete12345678
mamacastravete123456789
mamacemai
mamacemai1
mamacemai12
mamacemai123
mamacemai12345678
mamacemai123456789
mamacoaie
mamacoaie1
mamacoaie12
mamacoaie123
mamacoaie12345678
mamacoaie123456789
mamaelectronica
mamaelectronica1
mamaelectronica12
mamaelectronica123
mamaelectronica12345678
mamaelectronica123456789
mamaestiprost
mamaestiprost1
mamaestiprost12
mamaestiprost123
mamaestiprost12345678
mamaestiprost123456789
mamaetaj4
mamaetaj41
mamaetaj412
mamaetaj4123
mamaetaj412345678
mamaetaj4123456789
mamafete
mamafete1
mamafete12
mamafete123
mamafete12345678
mamafete123456789
mamaleua
mamaleua1
mamaleua12
mamaleua123
mamaleua12345678
mamaleua123456789
mamaliga
mamaliga1
mamaliga12
mamaliga123
mamaliga12345678
mamaliga123456789
mamaligastudentilorelectronisti
mamaligastudentilorelectronisti1
mamaligastudentilorelectronisti12
mamaligastudentilorelectronisti123
mamaligastudentilorelectronisti12345678
mamaligastudentilorelectronisti123456789
mamalsac
mamalsac1
mamalsac12
mamalsac123
mamalsac12345678
mamalsac123456789
mamalse
mamalse1
mamalse12
mamalse123
mamalse12345678
mamalse123456789
mamamaioneza
mamamaioneza1
mamamaioneza12
mamamaioneza123
mamamaioneza12345678
mamamaioneza123456789
mamamata
mamamata1
mamamata12
mamamata123
mamamata12345678
mamamata123456789
mamamustar
mamamustar1
mamamustar12
mamamustar123
mamamustar12345678
mamamustar123456789
mamaninge
mamaninge1
mamaninge12
mamaninge123
mamaninge12345678
mamaninge123456789
mamapalier
mamapalier1
mamapalier12
mamapalier123
mamapalier12345678
mamapalier123456789
mamaparola
mamaparola1
mamaparola12
mamaparola123
mamaparola12345678
mamaparola123456789
mamaploua
mamaploua1
mamaploua12
mamaploua123
mamaploua12345678
mamaploua123456789
mamasalam
mamasalam1
mamasalam12
mamasalam123
mamasalam12345678
mamasalam123456789
mamatuna
mamatuna1
mamatuna12
mamatuna123
mamatuna12345678
mamatuna123456789
mamaviol
mamaviol1
mamaviol12
mamaviol123
mamaviol12345678
mamaviol123456789
mata1
mata12
mata123
mata12345678
mata123456789
mataafara
mataafara1
mataafara12
mataafara123
mataafara12345678
mataafara123456789
mataavion
mataavion1
mataavion12
mataavion123
mataavion12345678
mataavion123456789
matabaieti
matabaieti1
matabaieti12
matabaieti123
matabaieti12345678
matabaieti123456789
matabordura
matabordura1
matabordura12
matabordura123
matabordura12345678
matabordura123456789
matacamin
matacamin1
matacamin12
matacamin123
matacamin12345678
matacamin123456789
matacaminleua
matacaminleua1
matacaminleua12
matacaminleua123
matacaminleua12345678
matacaminleua123456789
matacastravete
matacastravete1
matacastravete12
matacastravete123
matacastravete12345678
matacastravete123456789
matacemai
matacemai1
matacemai12
matacemai123
matacemai12345678
matacemai123456789
matacoaie
matacoaie1
matacoaie12
matacoaie123
matacoaie12345678
matacoaie123456789
mataelectronica
mataelectronica1
mataelectronica12
mataelectronica123
mataelectronica12345678
mataelectronica123456789
mataestiprost
mataestiprost1
mataestiprost12
mataestiprost123
mataestiprost12345678
mataestiprost123456789
mataetaj4
mataetaj41
mataetaj412
mataetaj4123
mataetaj412345678
mataetaj4123456789
matafete
matafete1
matafete12
matafete123
matafete12345678
matafete123456789
mataleua
mataleua1
mataleua12
mataleua123
mataleua12345678
mataleua123456789
mataliga
mataliga1
mataliga12
mataliga123
mataliga12345678
mataliga123456789
mataligastudentilorelectronisti
mataligastudentilorelectronisti1
mataligastudentilorelectronisti12
mataligastudentilorelectronisti123
mataligastudentilorelectronisti12345678
mataligastudentilorelectronisti123456789
matalsac
matalsac1
matalsac12
matalsac123
matalsac12345678
matalsac123456789
matalse
matalse1
matalse12
matalse123
matalse12345678
matalse123456789
matamaioneza
matamaioneza1
matamaioneza12
matamaioneza123
matamaioneza12345678
matamaioneza123456789
matamama
matamama1
matamama12
matamama123
matamama12345678
matamama123456789
matamustar
matamustar1
matamustar12
matamustar123
matamustar12345678
matamustar123456789
mataninge
mataninge1
mataninge12
mataninge123
mataninge12345678
mataninge123456789
matapalier
matapalier1
matapalier12
matapalier123
matapalier12345678
matapalier123456789
mataparola
mataparola1
mataparola12
mataparola123
mataparola12345678
mataparola123456789
mataploua
mataploua1
mataploua12
mataploua123
mataploua12345678
mataploua123456789
matasalam
matasalam1
matasalam12
matasalam123
matasalam12345678
matasalam123456789
matatuna
matatuna1
matatuna12
matatuna123
matatuna12345678
matatuna123456789
mataviol
mataviol1
mataviol12
mataviol123
mataviol12345678
mataviol123456789
mustar1
mustar12
mustar123
mustar12345678
mustar123456789
mustarafara
mustarafara1
mustarafara12
mustarafara123
mustarafara12345678
mustarafara123456789
mustaravion
mustaravion1
mustaravion12
mustaravion123
mustaravion12345678
mustaravion123456789
mustarbaieti
mustarbaieti1
mustarbaieti12
mustarbaieti123
mustarbaieti12345678
mustarbaieti123456789
mustarbordura
mustarbordura1
mustarbordura12
mustarbordura123
mustarbordura12345678
mustarbordura123456789
mustarcamin
mustarcamin1
mustarcamin12
mustarcamin123
mustarcamin12345678
mustarcamin123456789
mustarcaminleua
mustarcaminleua1
mustarcaminleua12
mustarcaminleua123
mustarcaminleua12345678
mustarcaminleua123456789
mustarcastravete
mustarcastravete1
mustarcastravete12
mustarcastravete123
mustarcastravete12345678
mustarcastravete123456789
mustarcemai
mustarcemai1
mustarcemai12
mustarcemai123
mustarcemai12345678
mustarcemai123456789
mustarcoaie
mustarcoaie1
mustarcoaie12
mustarcoaie123
mustarcoaie12345678
mustarcoaie123456789
mustarelectronica
mustarelectronica1
mustarelectronica12
mustarelectronica123
mustarelectronica12345678
mustarelectronica123456789
mustarestiprost
mustarestiprost1
mustarestiprost12
mustarestiprost123
mustarestiprost12345678
mustarestiprost123456789
mustaretaj4
mustaretaj41
mustaretaj412
mustaretaj4123
mustaretaj412345678
mustaretaj4123456789
mustarfete
mustarfete1
mustarfete12
mustarfete123
mustarfete12345678
mustarfete123456789
mustarleua
mustarleua1
mustarleua12
mustarleua123
mustarleua12345678
mustarleua123456789
mustarliga
mustarliga1
mustarliga12
mustarliga123
mustarliga12345678
mustarliga123456789
mustarligastudentilorelectronisti
mustarligastudentilorelectronisti1
mustarligastudentilorelectronisti12
mustarligastudentilorelectronisti123
mustarligastudentilorelectronisti12345678
mustarligastudentilorelectronisti123456789
mustarlsac
mustarlsac1
mustarlsac12
mustarlsac123
mustarlsac12345678
mustarlsac123456789
mustarlse
mustarlse1
mustarlse12
mustarlse123
mustarlse12345678
mustarlse123456789
mustarmaioneza
mustarmaioneza1
mustarmaioneza12
mustarmaioneza123
mustarmaioneza12345678
mustarmaioneza123456789
mustarmama
mustarmama1
mustarmama12
mustarmama123
mustarmama12345678
mustarmama123456789
mustarmata
mustarmata1
mustarmata12
mustarmata123
mustarmata12345678
mustarmata123456789
mustarninge
mustarninge1
mustarninge12
mustarninge123
mustarninge12345678
mustarninge123456789
mustarpalier
mustarpalier1
mustarpalier12
mustarpalier123
mustarpalier12345678
mustarpalier123456789
mustarparola
mustarparola1
mustarparola12
mustarparola123
mustarparola12345678
mustarparola123456789
mustarploua
mustarploua1
mustarploua12
mustarploua123
mustarploua12345678
mustarploua123456789
mustarsalam
mustarsalam1
mustarsalam12
mustarsalam123
mustarsalam12345678
mustarsalam123456789
mustartuna
mustartuna1
mustartuna12
mustartuna123
mustartuna12345678
mustartuna123456789
mustarviol
mustarviol1
mustarviol12
mustarviol123
mustarviol12345678
mustarviol123456789
ninge1
ninge12
ninge123
ninge12345678
ninge123456789
ningeafara
ningeafara1
ningeafara12
ningeafara123
ningeafara12345678
ningeafara123456789
ningeavion
ningeavion1
ningeavion12
ningeavion123
ningeavion12345678
ningeavion123456789
ningebaieti
ningebaieti1
ningebaieti12
ningebaieti123
ningebaieti12345678
ningebaieti123456789
ningebordura
ningebordura1
ningebordura12
ningebordura123
ningebordura12345678
ningebordura123456789
ningecamin
ningecamin1
ningecamin12
ningecamin123
ningecamin12345678
ningecamin123456789
ningecaminleua
ningecaminleua1
ningecaminleua12
ningecaminleua123
ningecaminleua12345678
ningecaminleua123456789
ningecastravete
ningecastravete1
ningecastravete12
ningecastravete123
ningecastravete12345678
ningecastravete123456789
ningecemai
ningecemai1
ningecemai12
ningecemai123
ningecemai12345678
ningecemai123456789
ningecoaie
ningecoaie1
ningecoaie12
ningecoaie123
ningecoaie12345678
ningecoaie123456789
ningeelectronica
ningeelectronica1
ningeelectronica12
ningeelectronica123
ningeelectronica12345678
ningeelectronica123456789
ningeestiprost
ningeestiprost1
ningeestiprost12
ningeestiprost123
ningeestiprost12345678
ningeestiprost123456789
ningeetaj4
ningeetaj41
ningeetaj412
ningeetaj4123
ningeetaj412345678
ningeetaj4123456789
ningefete
ningefete1
ningefete12
ningefete123
ningefete12345678
ningefete123456789
ningeleua
ningeleua1
ningeleua12
ningeleua123
ningeleua12345678
ningeleua123456789
ningeliga
ningeliga1
ningeliga12
ningeliga123
ningeliga12345678
ningeliga123456789
ningeligastudentilorelectronisti
ningeligastudentilorelectronisti1
ningeligastudentilorelectronisti12
ningeligastudentilorelectronisti123
ningeligastudentilorelectronisti12345678
ningeligastudentilorelectronisti123456789
ningelsac
ningelsac1
ningelsac12
ningelsac123
ningelsac12345678
ningelsac123456789
ningelse
ningelse1
ningelse12
ningelse123
ningelse12345678
ningelse123456789
ningemaioneza
ningemaioneza1
ningemaioneza12
ningemaioneza123
ningemaioneza12345678
ningemaioneza123456789
ningemama
ningemama1
ningemama12
ningemama123
ningemama12345678
ningemama123456789
ningemata
ningemata1
ningemata12
ningemata123
ningemata12345678
ningemata123456789
ningemustar
ningemustar1
ningemustar12
ningemustar123
ningemustar12345678
ningemustar123456789
ningepalier
ningepalier1
ningepalier12
ningepalier123
ningepalier12345678
ningepalier123456789
ningeparola
ningeparola1
ningeparola12
ningeparola123
ningeparola12345678
ningeparola123456789
ningeploua
ningeploua1
ningeploua12
ningeploua123
ningeploua12345678
ningeploua123456789
ningesalam
ningesalam1
ningesalam12
ningesalam123
ningesalam12345678
ningesalam123456789
ningetuna
ningetuna1
ningetuna12
ningetuna123
ningetuna12345678
ningetuna123456789
ningeviol
ningeviol1
ningeviol12
ningeviol123
ningeviol12345678
ningeviol123456789
palier1
palier12
palier123
palier12345678
palier123456789
palierafara
palierafara1
palierafara12
palierafara123
palierafara12345678
palierafara123456789
palieravion
palieravion1
palieravion12
palieravion123
palieravion12345678
palieravion123456789
palierbaieti
palierbaieti1
palierbaieti12
palierbaieti123
palierbaieti12345678
palierbaieti123456789
palierbordura
palierbordura1
palierbordura12
palierbordura123
palierbordura12345678
palierbordura123456789
paliercamin
paliercamin1
paliercamin12
paliercamin123
paliercamin12345678
paliercamin123456789
paliercaminleua
paliercaminleua1
paliercaminleua12
paliercaminleua123
paliercaminleua12345678
paliercaminleua123456789
paliercastravete
paliercastravete1
paliercastravete12
paliercastravete123
paliercastravete12345678
paliercastravete123456789
paliercemai
paliercemai1
paliercemai12
paliercemai123
paliercemai12345678
paliercemai123456789
paliercoaie
paliercoaie1
paliercoaie12
paliercoaie123
paliercoaie12345678
paliercoaie123456789
palierelectronica
palierelectronica1
palierelectronica12
palierelectronica123
palierelectronica12345678
palierelectronica123456789
palierestiprost
palierestiprost1
palierestiprost12
palierestiprost123
palierestiprost12345678
palierestiprost123456789
palieretaj4
palieretaj41
palieretaj412
palieretaj4123
palieretaj412345678
palieretaj4123456789
palierfete
palierfete1
palierfete12
palierfete123
palierfete12345678
palierfete123456789
palierleua
palierleua1
palierleua12
palierleua123
palierleua12345678
palierleua123456789
palierliga
palierliga1
palierliga12
palierliga123
palierliga12345678
palierliga123456789
palierligastudentilorelectronisti
palierligastudentilorelectronisti1
palierligastudentilorelectronisti12
palierligastudentilorelectronisti123
palierligastudentilorelectronisti12345678
palierligastudentilorelectronisti123456789
palierlsac
palierlsac1
palierlsac12
palierlsac123
palierlsac12345678
palierlsac123456789
palierlse
palierlse1
palierlse12
palierlse123
palierlse12345678
palierlse123456789
paliermaioneza
paliermaioneza1
paliermaioneza12
paliermaioneza123
paliermaioneza12345678
paliermaioneza123456789
paliermama
paliermama1
paliermama12
paliermama123
paliermama12345678
paliermama123456789
paliermata
paliermata1
paliermata12
paliermata123
paliermata12345678
paliermata123456789
paliermustar
paliermustar1
paliermustar12
paliermustar123
paliermustar12345678
paliermustar123456789
palierninge
palierninge1
palierninge12
palierninge123
palierninge12345678
palierninge123456789
palierparola
palierparola1
palierparola12
palierparola123
palierparola12345678
palierparola123456789
palierploua
palierploua1
palierploua12
palierploua123
palierploua12345678
palierploua123456789
paliersalam
paliersalam1
paliersalam12
paliersalam123
paliersalam12345678
paliersalam123456789
paliertuna
paliertuna1
paliertuna12
paliertuna123
paliertuna12345678
paliertuna123456789
palierviol
palierviol1
palierviol12
palierviol123
palierviol12345678
palierviol123456789
parola1
parola12
parola123
parola12345678
parola123456789
parolaafara
parolaafara1
parolaafara12
parolaafara123
parolaafara12345678
parolaafara123456789
parolaavion
parolaavion1
parolaavion12
parolaavion123
parolaavion12345678
parolaavion123456789
parolabaieti
parolabaieti1
parolabaieti12
parolabaieti123
parolabaieti12345678
parolabaieti123456789
parolabordura
parolabordura1
parolabordura12
parolabordura123
parolabordura12345678
parolabordura123456789
parolacamin
parolacamin1
parolacamin12
parolacamin123
parolacamin12345678
parolacamin123456789
parolacaminleua
parolacaminleua1
parolacaminleua12
parolacaminleua123
parolacaminleua12345678
parolacaminleua123456789
parolacastravete
parolacastravete1
parolacastravete12
parolacastravete123
parolacastravete12345678
parolacastravete123456789
parolacemai
parolacemai1
parolacemai12
parolacemai123
parolacemai12345678
parolacemai123456789
parolacoaie
parolacoaie1
parolacoaie12
parolacoaie123
parolacoaie12345678
parolacoaie123456789
parolaelectronica
parolaelectronica1
parolaelectronica12
parolaelectronica123
parolaelectronica12345678
parolaelectronica123456789
parolaestiprost
parolaestiprost1
parolaestiprost12
parolaestiprost123
parolaestiprost12345678
parolaestiprost123456789
parolaetaj4
parolaetaj41
parolaetaj412
parolaetaj4123
parolaetaj412345678
parolaetaj4123456789
parolafete
parolafete1
parolafete12
parolafete123
parolafete12345678
parolafete123456789
parolaleua
parolaleua1
parolaleua12
parolaleua123
parolaleua12345678
parolaleua123456789
parolaliga
parolaliga1
parolaliga12
parolaliga123
parolaliga12345678
parolaliga123456789
parolaligastudentilorelectronisti
parolaligastudentilorelectronisti1
parolaligastudentilorelectronisti12
parolaligastudentilorelectronisti123
parolaligastudentilorelectronisti12345678
parolaligastudentilorelectronisti123456789
parolalsac
parolalsac1
parolalsac12
parolalsac123
parolalsac12345678
parolalsac123456789
parolalse
parolalse1
parolalse12
parolalse123
parolalse12345678
parolalse123456789
parolamaioneza
parolamaioneza1
parolamaioneza12
parolamaioneza123
parolamaioneza12345678
parolamaioneza123456789
parolamama
parolamama1
parolamama12
parolamama123
parolamama12345678
parolamama123456789
parolamata
parolamata1
parolamata12
parolamata123
parolamata12345678
parolamata123456789
parolamustar
parolamustar1
parolamustar12
parolamustar123
parolamustar12345678
parolamustar123456789
parolaninge
parolaninge1
parolaninge12
parolaninge123
parolaninge12345678
parolaninge123456789
parolapalier
parolapalier1
parolapalier12
parolapalier123
parolapalier12345678
parolapalier123456789
parolaploua
parolaploua1
parolaploua12
parolaploua123
parolaploua12345678
parolaploua123456789
parolasalam
parolasalam1
parolasalam12
parolasalam123
parolasalam12345678
parolasalam123456789
parolatuna
parolatuna1
parolatuna12
parolatuna123
parolatuna12345678
parolatuna123456789
parolaviol
parolaviol1
parolaviol12
parolaviol123
parolaviol12345678
parolaviol123456789
ploua1
ploua12
ploua123
ploua12345678
ploua123456789
plouaafara
plouaafara1
plouaafara12
plouaafara123
plouaafara12345678
plouaafara123456789
plouaavion
plouaavion1
plouaavion12
plouaavion123
plouaavion12345678
plouaavion123456789
plouabaieti
plouabaieti1
plouabaieti12
plouabaieti123
plouabaieti12345678
plouabaieti123456789
plouabordura
plouabordura1
plouabordura12
plouabordura123
plouabordura12345678
plouabordura123456789
plouacamin
plouacamin1
plouacamin12
plouacamin123
plouacamin12345678
plouacamin123456789
plouacaminleua
plouacaminleua1
plouacaminleua12
plouacaminleua123
plouacaminleua12345678
plouacaminleua123456789
plouacastravete
plouacastravete1
plouacastravete12
plouacastravete123
plouacastravete12345678
plouacastravete123456789
plouacemai
plouacemai1
plouacemai12
plouacemai123
plouacemai12345678
plouacemai123456789
plouacoaie
plouacoaie1
plouacoaie12
plouacoaie123
plouacoaie12345678
plouacoaie123456789
plouaelectronica
plouaelectronica1
plouaelectronica12
plouaelectronica123
plouaelectronica12345678
plouaelectronica123456789
plouaestiprost
plouaestiprost1
plouaestiprost12
plouaestiprost123
plouaestiprost12345678
plouaestiprost123456789
plouaetaj4
plouaetaj41
plouaetaj412
plouaetaj4123
plouaetaj412345678
plouaetaj4123456789
plouafete
plouafete1
plouafete12
plouafete123
plouafete12345678
plouafete123456789
ploualeua
ploualeua1
ploualeua12
ploualeua123
ploualeua12345678
ploualeua123456789
ploualiga
ploualiga1
ploualiga12
ploualiga123
ploualiga12345678
ploualiga123456789
ploualigastudentilorelectronisti
ploualigastudentilorelectronisti1
ploualigastudentilorelectronisti12
ploualigastudentilorelectronisti123
ploualigastudentilorelectronisti12345678
ploualigastudentilorelectronisti123456789
ploualsac
ploualsac1
ploualsac12
ploualsac123
ploualsac12345678
ploualsac123456789
ploualse
ploualse1
ploualse12
ploualse123
ploualse12345678
ploualse123456789
plouamaioneza
plouamaioneza1
plouamaioneza12
plouamaioneza123
plouamaioneza12345678
plouamaioneza123456789
plouamama
plouamama1
plouamama12
plouamama123
plouamama12345678
plouamama123456789
plouamata
plouamata1
plouamata12
plouamata123
plouamata12345678
plouamata123456789
plouamustar
plouamustar1
plouamustar12
plouamustar123
plouamustar12345678
plouamustar123456789
plouaninge
plouaninge1
plouaninge12
plouaninge123
plouaninge12345678
plouaninge123456789
plouapalier
plouapalier1
plouapalier12
plouapalier123
plouapalier12345678
plouapalier123456789
plouaparola
plouaparola1
plouaparola12
plouaparola123
plouaparola12345678
plouaparola123456789
plouasalam
plouasalam1
plouasalam12
plouasalam123
plouasalam12345678
plouasalam123456789
plouatuna
plouatuna1
plouatuna12
plouatuna123
plouatuna12345678
plouatuna123456789
plouaviol
plouaviol1
plouaviol12
plouaviol123
plouaviol12345678
plouaviol123456789
salam1
salam12
salam123
salam12345678
salam123456789
salamafara
salamafara1
salamafara12
salamafara123
salamafara12345678
salamafara123456789
salamavion
salamavion1
salamavion12
salamavion123
salamavion12345678
salamavion123456789
salambaieti
salambaieti1
salambaieti12
salambaieti123
salambaieti12345678
salambaieti123456789
salambordura
salambordura1
salambordura12
salambordura123
salambordura12345678
salambordura123456789
salamcamin
salamcamin1
salamcamin12
salamcamin123
salamcamin12345678
salamcamin123456789
salamcaminleua
salamcaminleua1
salamcaminleua12
salamcaminleua123
salamcaminleua12345678
salamcaminleua123456789
salamcastravete
salamcastravete1
salamcastravete12
salamcastravete123
salamcastravete12345678
salamcastravete123456789
salamcemai
salamcemai1
salamcemai12
salamcemai123
salamcemai12345678
salamcemai123456789
salamcoaie
salamcoaie1
salamcoaie12
salamcoaie123
salamcoaie12345678
salamcoaie123456789
salamelectronica
salamelectronica1
salamelectronica12
salamelectronica123
salamelectronica12345678
salamelectronica123456789
salamestiprost
salamestiprost1
salamestiprost12
salamestiprost123
salamestiprost12345678
salamestiprost123456789
salametaj4
salametaj41
salametaj412
salametaj4123
salametaj412345678
salametaj4123456789
salamfete
salamfete1
salamfete12
salamfete123
salamfete12345678
salamfete123456789
salamleua
salamleua1
salamleua12
salamleua123
salamleua12345678
salamleua123456789
salamliga
salamliga1
salamliga12
salamliga123
salamliga12345678
salamliga123456789
salamligastudentilorelectronisti
salamligastudentilorelectronisti1
salamligastudentilorelectronisti12
salamligastudentilorelectronisti123
salamligastudentilorelectronisti12345678
salamligastudentilorelectronisti123456789
salamlsac
salamlsac1
salamlsac12
salamlsac123
salamlsac12345678
salamlsac123456789
salamlse
salamlse1
salamlse12
salamlse123
salamlse12345678
salamlse123456789
salammaioneza
salammaioneza1
salammaioneza12
salammaioneza123
salammaioneza12345678
salammaioneza123456789
salammama
salammama1
salammama12
salammama123
salammama12345678
salammama123456789
salammata
salammata1
salammata12
salammata123
salammata12345678
salammata123456789
salammustar
salammustar1
salammustar12
salammustar123
salammustar12345678
salammustar123456789
salamninge
salamninge1
salamninge12
salamninge123
salamninge12345678
salamninge123456789
salampalier
salampalier1
salampalier12
salampalier123
salampalier12345678
salampalier123456789
salamparola
salamparola1
salamparola12
salamparola123
salamparola12345678
salamparola123456789
salamploua
salamploua1
salamploua12
salamploua123
salamploua12345678
salamploua123456789
salamtuna
salamtuna1
salamtuna12
salamtuna123
salamtuna12345678
salamtuna123456789
salamviol
salamviol1
salamviol12
salamviol123
salamviol12345678
salamviol123456789
tuna1
tuna12
tuna123
tuna12345678
tuna123456789
tunaafara
tunaafara1
tunaafara12
tunaafara123
tunaafara12345678
tunaafara123456789
tunaavion
tunaavion1
tunaavion12
tunaavion123
tunaavion12345678
tunaavion123456789
tunabaieti
tunabaieti1
tunabaieti12
tunabaieti123
tunabaieti12345678
tunabaieti123456789
tunabordura
tunabordura1
tunabordura12
tunabordura123
tunabordura12345678
tunabordura123456789
tunacamin
tunacamin1
tunacamin12
tunacamin123
tunacamin12345678
tunacamin123456789
tunacaminleua
tunacaminleua1
tunacaminleua12
tunacaminleua123
tunacaminleua12345678
tunacaminleua123456789
tunacastravete
tunacastravete1
tunacastravete12
tunacastravete123
tunacastravete12345678
tunacastravete123456789
tunacemai
tunacemai1
tunacemai12
tunacemai123
tunacemai12345678
tunacemai123456789
tunacoaie
tunacoaie1
tunacoaie12
tunacoaie123
tunacoaie12345678
tunacoaie123456789
tunaelectronica
tunaelectronica1
tunaelectronica12
tunaelectronica123
tunaelectronica12345678
tunaelectronica123456789
tunaestiprost
tunaestiprost1
tunaestiprost12
tunaestiprost123
tunaestiprost12345678
tunaestiprost123456789
tunaetaj4
tunaetaj41
tunaetaj412
tunaetaj4123
tunaetaj412345678
tunaetaj4123456789
tunafete
tunafete1
tunafete12
tunafete123
tunafete12345678
tunafete123456789
tunaleua
tunaleua1
tunaleua12
tunaleua123
tunaleua12345678
tunaleua123456789
tunaliga
tunaliga1
tunaliga12
tunaliga123
tunaliga12345678
tunaliga123456789
tunaligastudentilorelectronisti
tunaligastudentilorelectronisti1
tunaligastudentilorelectronisti12
tunaligastudentilorelectronisti123
tunaligastudentilorelectronisti12345678
tunaligastudentilorelectronisti123456789
tunalsac
tunalsac1
tunalsac12
tunalsac123
tunalsac12345678
tunalsac123456789
tunalse
tunalse1
tunalse12
tunalse123
tunalse12345678
tunalse123456789
tunamaioneza
tunamaioneza1
tunamaioneza12
tunamaioneza123
tunamaioneza12345678
tunamaioneza123456789
tunamama
tunamama1
tunamama12
tunamama123
tunamama12345678
tunamama123456789
tunamata
tunamata1
tunamata12
tunamata123
tunamata12345678
tunamata123456789
tunamustar
tunamustar1
tunamustar12
tunamustar123
tunamustar12345678
tunamustar123456789
tunaninge
tunaninge1
tunaninge12
tunaninge123
tunaninge12345678
tunaninge123456789
tunapalier
tunapalier1
tunapalier12
tunapalier123
tunapalier12345678
tunapalier123456789
tunaparola
tunaparola1
tunaparola12
tunaparola123
tunaparola12345678
tunaparola123456789
tunaploua
tunaploua1
tunaploua12
tunaploua123
tunaploua12345678
tunaploua123456789
tunasalam
tunasalam1
tunasalam12
tunasalam123
tunasalam12345678
tunasalam123456789
tunaviol
tunaviol1
tunaviol12
tunaviol123
tunaviol12345678
tunaviol123456789
viol1
viol12
viol123
viol12345678
viol123456789
violafara
violafara1
violafara12
violafara123
violafara12345678
violafara123456789
violavion
violavion1
violavion12
violavion123
violavion12345678
violavion123456789
violbaieti
violbaieti1
violbaieti12
violbaieti123
violbaieti12345678
violbaieti123456789
violbordura
violbordura1
violbordura12
violbordura123
violbordura12345678
violbordura123456789
violcamin
violcamin1
violcamin12
violcamin123
violcamin12345678
violcamin123456789
violcaminleua
violcaminleua1
violcaminleua12
violcaminleua123
violcaminleua12345678
violcaminleua123456789
violcastravete
violcastravete1
violcastravete12
violcastravete123
violcastravete12345678
violcastravete123456789
violcemai
violcemai1
violcemai12
violcemai123
violcemai12345678
violcemai123456789
violcoaie
violcoaie1
violcoaie12
violcoaie123
violcoaie12345678
violcoaie123456789
violelectronica
violelectronica1
violelectronica12
violelectronica123
violelectronica12345678
violelectronica123456789
violestiprost
violestiprost1
violestiprost12
violestiprost123
violestiprost12345678
violestiprost123456789
violetaj4
violetaj41
violetaj412
violetaj4123
violetaj412345678
violetaj4123456789
violfete
violfete1
violfete12
violfete123
violfete12345678
violfete123456789
violleua
violleua1
violleua12
violleua123
violleua12345678
violleua123456789
violliga
violliga1
violliga12
violliga123
violliga12345678
violliga123456789
violligastudentilorelectronisti
violligastudentilorelectronisti1
violligastudentilorelectronisti12
violligastudentilorelectronisti123
violligastudentilorelectronisti12345678
violligastudentilorelectronisti123456789
viollsac
viollsac1
viollsac12
viollsac123
viollsac12345678
viollsac123456789
viollse
viollse1
viollse12
viollse123
viollse12345678
viollse123456789
violmaioneza
violmaioneza1
violmaioneza12
violmaioneza123
violmaioneza12345678
violmaioneza123456789
violmama
violmama1
violmama12
violmama123
violmama12345678
violmama123456789
violmata
violmata1
violmata12
violmata123
violmata12345678
violmata123456789
violmustar
violmustar1
violmustar12
violmustar123
violmustar12345678
violmustar123456789
violninge
violninge1
violninge12
violninge123
violninge12345678
violninge123456789
violpalier
violpalier1
violpalier12
violpalier123
violpalier12345678
violpalier123456789
violparola
violparola1
violparola12
violparola123
violparola12345678
violparola123456789
violploua
violploua1
violploua12
violploua123
violploua12345678
violploua123456789
violsalam
violsalam1
violsalam12
violsalam123
violsalam12345678
violsalam123456789
violtuna
violtuna1
violtuna12
violtuna123
violtuna12345678
violtuna123456789
